Using pre-set license
Built from '2020.3/release' branch; Version is '2020.3.1f1 (77a89f25062f) revision 7841951'; Using compiler version '192528614'; Build Type 'Release'
OS: 'Windows 10 Home; OS build 19042.1237; Version 2009; 64bit' Language: 'en' Physical Memory: 8077 MB
BatchMode: 1, IsHumanControllingUs: 0, StartBugReporterOnCrash: 0, Is64bit: 1, IsPro: 0

 COMMAND LINE ARGUMENTS:
D:\Programs\Unity\2020.3.1f1\Editor\Unity.exe
-adb2
-batchMode
-noUpm
-name
AssetImportWorker0
-projectPath
D:/Projects/Unity/JungleWarrior
-logFile
Logs/AssetImportWorker0.log
-srvPort
64647
Successfully changed project path to: D:/Projects/Unity/JungleWarrior
D:/Projects/Unity/JungleWarrior
Using Asset Import Pipeline V2.
Refreshing native plugins compatible for Editor in 85.28 ms, found 0 plugins.
Preloading 0 native plugins for Editor in 0.00 ms.
Initialize engine version: 2020.3.1f1 (77a89f25062f)
[Subsystems] Discovering subsystems at path D:/Programs/Unity/2020.3.1f1/Editor/Data/Resources/UnitySubsystems
[Subsystems] Discovering subsystems at path D:/Projects/Unity/JungleWarrior/Assets
GfxDevice: creating device client; threaded=0
Direct3D:
    Version:  Direct3D 11.0 [level 11.1]
    Renderer: NVIDIA GeForce GTX 1050 (ID=0x1c8d)
    Vendor:   
    VRAM:     1977 MB
    Driver:   27.21.14.6280
Shader 'Universal Render Pipeline/Particles/Lit': fallback shader 'Universal Render Pipeline/Particles/SimpleLit' not found
Initialize mono
Mono path[0] = 'D:/Programs/Unity/2020.3.1f1/Editor/Data/Managed'
Mono path[1] = 'D:/Programs/Unity/2020.3.1f1/Editor/Data/MonoBleedingEdge/lib/mono/unityjit'
Mono config path = 'D:/Programs/Unity/2020.3.1f1/Editor/Data/MonoBleedingEdge/etc'
Using monoOptions --debugger-agent=transport=dt_socket,embedding=1,server=y,suspend=n,address=127.0.0.1:56456
Begin MonoManager ReloadAssembly
Registering precompiled unity dll's ...
Register platform support module: D:/Programs/Unity/2020.3.1f1/Editor/Data/PlaybackEngines/WindowsStandaloneSupport/UnityEditor.WindowsStandalone.Extensions.dll
Registered in 0.001231 seconds.
Native extension for WindowsStandalone target not found
Refreshing native plugins compatible for Editor in 67.20 ms, found 0 plugins.
Preloading 0 native plugins for Editor in 0.00 ms.
Invoked RoslynAnalysisRunner static constructor.
RoslynAnalysisRunner will not be running.
RoslynAnalysisRunner has terminated.
Mono: successfully reloaded assembly
- Completed reload, in  2.281 seconds
Platform modules already initialized, skipping
Registering precompiled user dll's ...
Registered in 0.001337 seconds.
Begin MonoManager ReloadAssembly
Native extension for WindowsStandalone target not found
Refreshing native plugins compatible for Editor in 73.26 ms, found 0 plugins.
Preloading 0 native plugins for Editor in 0.00 ms.
Invoked RoslynAnalysisRunner static constructor.
RoslynAnalysisRunner will not be running.
RoslynAnalysisRunner has terminated.
Mono: successfully reloaded assembly
- Completed reload, in  1.594 seconds
Platform modules already initialized, skipping
========================================================================
Worker process is ready to serve import requests
Shader 'Universal Render Pipeline/Particles/Lit': fallback shader 'Universal Render Pipeline/Particles/SimpleLit' not found
Launched and connected shader compiler UnityShaderCompiler.exe after 0.20 seconds
Refreshing native plugins compatible for Editor in 1.18 ms, found 0 plugins.
Preloading 0 native plugins for Editor in 0.00 ms.
Unloading 2507 Unused Serialized files (Serialized files now loaded: 0)
System memory in use before: 137.7 MB.
System memory in use after: 137.9 MB.

Unloading 10 unused Assets to reduce memory usage. Loaded Objects now: 2980.
Total: 4.083200 ms (FindLiveObjects: 0.314600 ms CreateObjectMapping: 0.162400 ms MarkObjects: 3.474300 ms  DeleteObjects: 0.129800 ms)

========================================================================
Received Import Request.
  path: Assets/Scripts/Weapons/WeaponSelect.cs
  artifactKey: Guid(8e6b53441f21d9c45a39811a381e8f6f) Importer(815301076,1909f56bfc062723c751e8b465ee728b)
Start importing Assets/Scripts/Weapons/WeaponSelect.cs using Guid(8e6b53441f21d9c45a39811a381e8f6f) Importer(815301076,1909f56bfc062723c751e8b465ee728b)  -> (artifact id: '0dab838ab6549357203c6a8a43372889') in 0.545690 seconds
  Import took 0.648014 seconds .

========================================================================
Received Prepare
Registering precompiled user dll's ...
Registered in 0.001172 seconds.
Begin MonoManager ReloadAssembly
Native extension for WindowsStandalone target not found
Refreshing native plugins compatible for Editor in 0.47 ms, found 0 plugins.
Preloading 0 native plugins for Editor in 0.00 ms.
Invoked RoslynAnalysisRunner static constructor.
RoslynAnalysisRunner will not be running.
RoslynAnalysisRunner has terminated.
Mono: successfully reloaded assembly
- Completed reload, in  1.104 seconds
Platform modules already initialized, skipping
Shader 'Universal Render Pipeline/Particles/Lit': fallback shader 'Universal Render Pipeline/Particles/SimpleLit' not found
Refreshing native plugins compatible for Editor in 0.64 ms, found 0 plugins.
Preloading 0 native plugins for Editor in 0.00 ms.
Unloading 2392 Unused Serialized files (Serialized files now loaded: 0)
System memory in use before: 131.4 MB.
System memory in use after: 131.6 MB.

Unloading 5 unused Assets to reduce memory usage. Loaded Objects now: 2983.
Total: 3.081600 ms (FindLiveObjects: 0.352900 ms CreateObjectMapping: 0.152000 ms MarkObjects: 2.521900 ms  DeleteObjects: 0.053100 ms)

========================================================================
Received Import Request.
  Time since last request: 1492.568553 seconds.
  path: Assets/Prefabs/ParticleSystems/ExplosionCore.prefab
  artifactKey: Guid(bc51b2b09b2e84b43b1855119dc949b0) Importer(815301076,1909f56bfc062723c751e8b465ee728b)
Start importing Assets/Prefabs/ParticleSystems/ExplosionCore.prefab using Guid(bc51b2b09b2e84b43b1855119dc949b0) Importer(815301076,1909f56bfc062723c751e8b465ee728b)  -> (artifact id: '0ed283eed8eb32a1970626513452396a') in 0.141905 seconds
  Import took 0.200626 seconds .

========================================================================
Received Import Request.
  Time since last request: 0.727888 seconds.
  path: Assets/Prefabs/Weapons/Grenade.prefab
  artifactKey: Guid(fb46af6d6e88df64bb7ab69cf11ac47f) Importer(815301076,1909f56bfc062723c751e8b465ee728b)
Start importing Assets/Prefabs/Weapons/Grenade.prefab using Guid(fb46af6d6e88df64bb7ab69cf11ac47f) Importer(815301076,1909f56bfc062723c751e8b465ee728b)  -> (artifact id: 'ad94d3025ecbba00a07e61da818efec2') in 0.908735 seconds
  Import took 0.945149 seconds .

========================================================================
Received Import Request.
  Time since last request: 6.044668 seconds.
  path: Assets/Prefabs/Weapons/Grenade.prefab
  artifactKey: Guid(fb46af6d6e88df64bb7ab69cf11ac47f) Importer(815301076,1909f56bfc062723c751e8b465ee728b)
Start importing Assets/Prefabs/Weapons/Grenade.prefab using Guid(fb46af6d6e88df64bb7ab69cf11ac47f) Importer(815301076,1909f56bfc062723c751e8b465ee728b)  -> (artifact id: '32462a1832fdeb9f67f0be9f2f5af539') in 0.074088 seconds
  Import took 0.105719 seconds .

========================================================================
Received Import Request.
  Time since last request: 1.817527 seconds.
  path: Assets/Prefabs/Weapons/Grenade.prefab
  artifactKey: Guid(fb46af6d6e88df64bb7ab69cf11ac47f) Importer(815301076,1909f56bfc062723c751e8b465ee728b)
Start importing Assets/Prefabs/Weapons/Grenade.prefab using Guid(fb46af6d6e88df64bb7ab69cf11ac47f) Importer(815301076,1909f56bfc062723c751e8b465ee728b)  -> (artifact id: '406afa8c4d5a90959632bd8b82e15766') in 0.055704 seconds
  Import took 0.092036 seconds .

========================================================================
Received Prepare
Registering precompiled user dll's ...
Registered in 0.001366 seconds.
Begin MonoManager ReloadAssembly
Native extension for WindowsStandalone target not found
Refreshing native plugins compatible for Editor in 0.55 ms, found 0 plugins.
Preloading 0 native plugins for Editor in 0.00 ms.
Invoked RoslynAnalysisRunner static constructor.
RoslynAnalysisRunner will not be running.
RoslynAnalysisRunner has terminated.
Mono: successfully reloaded assembly
- Completed reload, in  1.111 seconds
Platform modules already initialized, skipping
Shader 'Universal Render Pipeline/Particles/Lit': fallback shader 'Universal Render Pipeline/Particles/SimpleLit' not found
Refreshing native plugins compatible for Editor in 0.56 ms, found 0 plugins.
Preloading 0 native plugins for Editor in 0.00 ms.
Unloading 2392 Unused Serialized files (Serialized files now loaded: 0)
System memory in use before: 136.7 MB.
System memory in use after: 136.9 MB.

Unloading 5 unused Assets to reduce memory usage. Loaded Objects now: 3032.
Total: 6.399600 ms (FindLiveObjects: 0.673000 ms CreateObjectMapping: 0.350100 ms MarkObjects: 5.329900 ms  DeleteObjects: 0.043000 ms)

========================================================================
Received Prepare
Registering precompiled user dll's ...
Registered in 0.001206 seconds.
Begin MonoManager ReloadAssembly
Native extension for WindowsStandalone target not found
Refreshing native plugins compatible for Editor in 0.49 ms, found 0 plugins.
Preloading 0 native plugins for Editor in 0.00 ms.
Invoked RoslynAnalysisRunner static constructor.
RoslynAnalysisRunner will not be running.
RoslynAnalysisRunner has terminated.
Mono: successfully reloaded assembly
- Completed reload, in  1.027 seconds
Platform modules already initialized, skipping
Shader 'Universal Render Pipeline/Particles/Lit': fallback shader 'Universal Render Pipeline/Particles/SimpleLit' not found
Refreshing native plugins compatible for Editor in 0.48 ms, found 0 plugins.
Preloading 0 native plugins for Editor in 0.00 ms.
Unloading 2392 Unused Serialized files (Serialized files now loaded: 0)
System memory in use before: 136.7 MB.
System memory in use after: 137.0 MB.

Unloading 5 unused Assets to reduce memory usage. Loaded Objects now: 3035.
Total: 2.713100 ms (FindLiveObjects: 0.320300 ms CreateObjectMapping: 0.213300 ms MarkObjects: 2.139100 ms  DeleteObjects: 0.034900 ms)

========================================================================
Received Prepare
Registering precompiled user dll's ...
Registered in 0.001327 seconds.
Begin MonoManager ReloadAssembly
Native extension for WindowsStandalone target not found
Refreshing native plugins compatible for Editor in 0.51 ms, found 0 plugins.
Preloading 0 native plugins for Editor in 0.00 ms.
Invoked RoslynAnalysisRunner static constructor.
RoslynAnalysisRunner will not be running.
RoslynAnalysisRunner has terminated.
Mono: successfully reloaded assembly
- Completed reload, in  1.002 seconds
Platform modules already initialized, skipping
Shader 'Universal Render Pipeline/Particles/Lit': fallback shader 'Universal Render Pipeline/Particles/SimpleLit' not found
Refreshing native plugins compatible for Editor in 0.49 ms, found 0 plugins.
Preloading 0 native plugins for Editor in 0.00 ms.
Unloading 2392 Unused Serialized files (Serialized files now loaded: 0)
System memory in use before: 136.8 MB.
System memory in use after: 137.0 MB.

Unloading 5 unused Assets to reduce memory usage. Loaded Objects now: 3038.
Total: 2.836700 ms (FindLiveObjects: 0.328000 ms CreateObjectMapping: 0.170200 ms MarkObjects: 2.291400 ms  DeleteObjects: 0.045800 ms)

========================================================================
Received Import Request.
  Time since last request: 158.789817 seconds.
  path: Assets/Prefabs/ParticleSystems/ExplosionCore.prefab
  artifactKey: Guid(bc51b2b09b2e84b43b1855119dc949b0) Importer(815301076,1909f56bfc062723c751e8b465ee728b)
Start importing Assets/Prefabs/ParticleSystems/ExplosionCore.prefab using Guid(bc51b2b09b2e84b43b1855119dc949b0) Importer(815301076,1909f56bfc062723c751e8b465ee728b)  -> (artifact id: 'a14abf76419509aa24338e36ee6148c5') in 0.033434 seconds
  Import took 0.059185 seconds .

========================================================================
Received Prepare
Registering precompiled user dll's ...
Registered in 0.001309 seconds.
Begin MonoManager ReloadAssembly
Native extension for WindowsStandalone target not found
Refreshing native plugins compatible for Editor in 0.47 ms, found 0 plugins.
Preloading 0 native plugins for Editor in 0.00 ms.
Invoked RoslynAnalysisRunner static constructor.
RoslynAnalysisRunner will not be running.
RoslynAnalysisRunner has terminated.
Mono: successfully reloaded assembly
- Completed reload, in  1.031 seconds
Platform modules already initialized, skipping
Shader 'Universal Render Pipeline/Particles/Lit': fallback shader 'Universal Render Pipeline/Particles/SimpleLit' not found
Refreshing native plugins compatible for Editor in 0.49 ms, found 0 plugins.
Preloading 0 native plugins for Editor in 0.00 ms.
Unloading 2392 Unused Serialized files (Serialized files now loaded: 0)
System memory in use before: 136.7 MB.
System memory in use after: 136.9 MB.

Unloading 5 unused Assets to reduce memory usage. Loaded Objects now: 3041.
Total: 3.145900 ms (FindLiveObjects: 0.313700 ms CreateObjectMapping: 0.331400 ms MarkObjects: 2.452200 ms  DeleteObjects: 0.046600 ms)

========================================================================
Received Prepare
Registering precompiled user dll's ...
Registered in 0.002037 seconds.
Begin MonoManager ReloadAssembly
Native extension for WindowsStandalone target not found
Refreshing native plugins compatible for Editor in 0.53 ms, found 0 plugins.
Preloading 0 native plugins for Editor in 0.00 ms.
Invoked RoslynAnalysisRunner static constructor.
RoslynAnalysisRunner will not be running.
RoslynAnalysisRunner has terminated.
Mono: successfully reloaded assembly
- Completed reload, in  1.317 seconds
Platform modules already initialized, skipping
Shader 'Universal Render Pipeline/Particles/Lit': fallback shader 'Universal Render Pipeline/Particles/SimpleLit' not found
Refreshing native plugins compatible for Editor in 0.50 ms, found 0 plugins.
Preloading 0 native plugins for Editor in 0.00 ms.
Unloading 2392 Unused Serialized files (Serialized files now loaded: 0)
System memory in use before: 136.8 MB.
System memory in use after: 137.0 MB.

Unloading 5 unused Assets to reduce memory usage. Loaded Objects now: 3044.
Total: 4.407900 ms (FindLiveObjects: 0.311800 ms CreateObjectMapping: 0.147400 ms MarkObjects: 3.928700 ms  DeleteObjects: 0.018300 ms)

========================================================================
Received Import Request.
  Time since last request: 356.732472 seconds.
  path: Assets/Animations/AC's/Pistol.controller
  artifactKey: Guid(69894b7d544fe8640a4d352cdb216344) Importer(815301076,1909f56bfc062723c751e8b465ee728b)
Start importing Assets/Animations/AC's/Pistol.controller using Guid(69894b7d544fe8640a4d352cdb216344) Importer(815301076,1909f56bfc062723c751e8b465ee728b)  -> (artifact id: 'e52e8eba0d81e741f0b6a24bbf59edff') in 0.094167 seconds
  Import took 0.129062 seconds .

========================================================================
Received Prepare
Registering precompiled user dll's ...
Registered in 0.001335 seconds.
Begin MonoManager ReloadAssembly
Native extension for WindowsStandalone target not found
Refreshing native plugins compatible for Editor in 0.51 ms, found 0 plugins.
Preloading 0 native plugins for Editor in 0.00 ms.
Invoked RoslynAnalysisRunner static constructor.
RoslynAnalysisRunner will not be running.
RoslynAnalysisRunner has terminated.
Mono: successfully reloaded assembly
- Completed reload, in  1.012 seconds
Platform modules already initialized, skipping
Shader 'Universal Render Pipeline/Particles/Lit': fallback shader 'Universal Render Pipeline/Particles/SimpleLit' not found
Refreshing native plugins compatible for Editor in 0.48 ms, found 0 plugins.
Preloading 0 native plugins for Editor in 0.00 ms.
Unloading 2392 Unused Serialized files (Serialized files now loaded: 0)
System memory in use before: 136.8 MB.
System memory in use after: 137.0 MB.

Unloading 5 unused Assets to reduce memory usage. Loaded Objects now: 3047.
Total: 2.741000 ms (FindLiveObjects: 0.351400 ms CreateObjectMapping: 0.161300 ms MarkObjects: 2.193100 ms  DeleteObjects: 0.033300 ms)

AssetImportWorkerClient::OnTransportError - code=2 error=End of file
