Using pre-set license
Built from '2020.3/release' branch; Version is '2020.3.1f1 (77a89f25062f) revision 7841951'; Using compiler version '192528614'; Build Type 'Release'
OS: 'Windows 10 Home; OS build 19042.1288; Version 2009; 64bit' Language: 'en' Physical Memory: 8077 MB
BatchMode: 1, IsHumanControllingUs: 0, StartBugReporterOnCrash: 0, Is64bit: 1, IsPro: 0

 COMMAND LINE ARGUMENTS:
D:\Programs\Unity\2020.3.1f1\Editor\Unity.exe
-adb2
-batchMode
-noUpm
-name
AssetImportWorker2
-projectPath
D:/Projects/Unity/JungleWarrior
-logFile
Logs/AssetImportWorker2.log
-srvPort
59967
Successfully changed project path to: D:/Projects/Unity/JungleWarrior
D:/Projects/Unity/JungleWarrior
Using Asset Import Pipeline V2.
Refreshing native plugins compatible for Editor in 100.23 ms, found 0 plugins.
Preloading 0 native plugins for Editor in 0.00 ms.
Initialize engine version: 2020.3.1f1 (77a89f25062f)
[Subsystems] Discovering subsystems at path D:/Programs/Unity/2020.3.1f1/Editor/Data/Resources/UnitySubsystems
[Subsystems] Discovering subsystems at path D:/Projects/Unity/JungleWarrior/Assets
GfxDevice: creating device client; threaded=0
Direct3D:
    Version:  Direct3D 11.0 [level 11.1]
    Renderer: NVIDIA GeForce GTX 1050 (ID=0x1c8d)
    Vendor:   
    VRAM:     1977 MB
    Driver:   27.21.14.6280
Shader 'Universal Render Pipeline/Particles/Lit': fallback shader 'Universal Render Pipeline/Particles/SimpleLit' not found
Initialize mono
Mono path[0] = 'D:/Programs/Unity/2020.3.1f1/Editor/Data/Managed'
Mono path[1] = 'D:/Programs/Unity/2020.3.1f1/Editor/Data/MonoBleedingEdge/lib/mono/unityjit'
Mono config path = 'D:/Programs/Unity/2020.3.1f1/Editor/Data/MonoBleedingEdge/etc'
Using monoOptions --debugger-agent=transport=dt_socket,embedding=1,server=y,suspend=n,address=127.0.0.1:56384
Begin MonoManager ReloadAssembly
Registering precompiled unity dll's ...
Register platform support module: D:/Programs/Unity/2020.3.1f1/Editor/Data/PlaybackEngines/WindowsStandaloneSupport/UnityEditor.WindowsStandalone.Extensions.dll
Registered in 0.002445 seconds.
Native extension for WindowsStandalone target not found
Refreshing native plugins compatible for Editor in 121.49 ms, found 0 plugins.
Preloading 0 native plugins for Editor in 0.00 ms.
Invoked RoslynAnalysisRunner static constructor.
RoslynAnalysisRunner will not be running.
RoslynAnalysisRunner has terminated.
Mono: successfully reloaded assembly
- Completed reload, in  3.352 seconds
Platform modules already initialized, skipping
Registering precompiled user dll's ...
Registered in 0.002426 seconds.
Begin MonoManager ReloadAssembly
Native extension for WindowsStandalone target not found
Refreshing native plugins compatible for Editor in 120.43 ms, found 0 plugins.
Preloading 0 native plugins for Editor in 0.00 ms.
Invoked RoslynAnalysisRunner static constructor.
RoslynAnalysisRunner will not be running.
RoslynAnalysisRunner has terminated.
Mono: successfully reloaded assembly
- Completed reload, in  2.212 seconds
Platform modules already initialized, skipping
========================================================================
Worker process is ready to serve import requests
Shader 'Universal Render Pipeline/Particles/Lit': fallback shader 'Universal Render Pipeline/Particles/SimpleLit' not found
Launched and connected shader compiler UnityShaderCompiler.exe after 0.36 seconds
Refreshing native plugins compatible for Editor in 0.80 ms, found 0 plugins.
Preloading 0 native plugins for Editor in 0.00 ms.
Unloading 2507 Unused Serialized files (Serialized files now loaded: 0)
System memory in use before: 137.8 MB.
System memory in use after: 138.0 MB.

Unloading 10 unused Assets to reduce memory usage. Loaded Objects now: 2980.
Total: 4.394000 ms (FindLiveObjects: 0.377200 ms CreateObjectMapping: 0.297500 ms MarkObjects: 3.508900 ms  DeleteObjects: 0.208100 ms)

========================================================================
Received Import Request.
  path: Assets/Animations/Weapons/Pistol/Equip.anim
  artifactKey: Guid(574e1ef77c1f1f548bc7e5d3acb762e5) Importer(815301076,1909f56bfc062723c751e8b465ee728b)
Start importing Assets/Animations/Weapons/Pistol/Equip.anim using Guid(574e1ef77c1f1f548bc7e5d3acb762e5) Importer(815301076,1909f56bfc062723c751e8b465ee728b)  -> (artifact id: '2fa0701b1329f17cc7da2b0681f09f8f') in 0.110301 seconds
  Import took 0.415161 seconds .

========================================================================
Received Import Request.
  Time since last request: 3.893787 seconds.
  path: Assets/Animations/Weapons/Pistol/Unequip.anim
  artifactKey: Guid(cd51f0b543db6ce40820fb479339c441) Importer(815301076,1909f56bfc062723c751e8b465ee728b)
Start importing Assets/Animations/Weapons/Pistol/Unequip.anim using Guid(cd51f0b543db6ce40820fb479339c441) Importer(815301076,1909f56bfc062723c751e8b465ee728b)  -> (artifact id: '69d6746bded683c79c1d1bd5f47d53c6') in 0.013642 seconds
  Import took 0.033890 seconds .

========================================================================
Received Import Request.
  Time since last request: 0.001574 seconds.
  path: Assets/Animations/Weapons/Pistol/Unequip.anim
  artifactKey: Guid(cd51f0b543db6ce40820fb479339c441) Importer(815301076,1909f56bfc062723c751e8b465ee728b)
Start importing Assets/Animations/Weapons/Pistol/Unequip.anim using Guid(cd51f0b543db6ce40820fb479339c441) Importer(815301076,1909f56bfc062723c751e8b465ee728b)  -> (artifact id: '69d6746bded683c79c1d1bd5f47d53c6') in 0.019626 seconds
  Import took 0.029089 seconds .

========================================================================
Received Prepare
Registering precompiled user dll's ...
Registered in 0.001981 seconds.
Begin MonoManager ReloadAssembly
Native extension for WindowsStandalone target not found
Refreshing native plugins compatible for Editor in 0.81 ms, found 0 plugins.
Preloading 0 native plugins for Editor in 0.00 ms.
Invoked RoslynAnalysisRunner static constructor.
RoslynAnalysisRunner will not be running.
RoslynAnalysisRunner has terminated.
Mono: successfully reloaded assembly
- Completed reload, in  1.753 seconds
Platform modules already initialized, skipping
Shader 'Universal Render Pipeline/Particles/Lit': fallback shader 'Universal Render Pipeline/Particles/SimpleLit' not found
Refreshing native plugins compatible for Editor in 0.57 ms, found 0 plugins.
Preloading 0 native plugins for Editor in 0.00 ms.
Unloading 2392 Unused Serialized files (Serialized files now loaded: 0)
System memory in use before: 131.5 MB.
System memory in use after: 131.7 MB.

Unloading 5 unused Assets to reduce memory usage. Loaded Objects now: 2983.
Total: 2.962500 ms (FindLiveObjects: 0.314600 ms CreateObjectMapping: 0.154000 ms MarkObjects: 2.469200 ms  DeleteObjects: 0.023300 ms)

========================================================================
Received Import Request.
  Time since last request: 6.036998 seconds.
  path: Assets/Animations/Weapons/Pistol/Unequip.anim
  artifactKey: Guid(cd51f0b543db6ce40820fb479339c441) Importer(815301076,1909f56bfc062723c751e8b465ee728b)
Start importing Assets/Animations/Weapons/Pistol/Unequip.anim using Guid(cd51f0b543db6ce40820fb479339c441) Importer(815301076,1909f56bfc062723c751e8b465ee728b)  -> (artifact id: 'd70c3d8e812385379cf45c972649f44a') in 0.047876 seconds
  Import took 0.052952 seconds .

========================================================================
Received Import Request.
  Time since last request: 2.179742 seconds.
  path: Assets/Animations/Weapons/Pistol/Unequip.anim
  artifactKey: Guid(cd51f0b543db6ce40820fb479339c441) Importer(815301076,1909f56bfc062723c751e8b465ee728b)
Start importing Assets/Animations/Weapons/Pistol/Unequip.anim using Guid(cd51f0b543db6ce40820fb479339c441) Importer(815301076,1909f56bfc062723c751e8b465ee728b)  -> (artifact id: 'd70c3d8e812385379cf45c972649f44a') in 0.003328 seconds
  Import took 0.008284 seconds .

========================================================================
Received Import Request.
  Time since last request: 24.584401 seconds.
  path: Assets/Animations/Weapons/Pistol/Equip.anim
  artifactKey: Guid(574e1ef77c1f1f548bc7e5d3acb762e5) Importer(815301076,1909f56bfc062723c751e8b465ee728b)
Start importing Assets/Animations/Weapons/Pistol/Equip.anim using Guid(574e1ef77c1f1f548bc7e5d3acb762e5) Importer(815301076,1909f56bfc062723c751e8b465ee728b)  -> (artifact id: '07d26bdcead42d6e9f6fedcc3d74a998') in 0.006305 seconds
  Import took 0.291127 seconds .

========================================================================
Received Import Request.
  Time since last request: 28.935452 seconds.
  path: Assets/Animations/AC's/Pistol.controller
  artifactKey: Guid(69894b7d544fe8640a4d352cdb216344) Importer(815301076,1909f56bfc062723c751e8b465ee728b)
Start importing Assets/Animations/AC's/Pistol.controller using Guid(69894b7d544fe8640a4d352cdb216344) Importer(815301076,1909f56bfc062723c751e8b465ee728b)  -> (artifact id: 'ac22c9b55e6966a0771361937a702f70') in 0.286447 seconds
  Import took 0.333413 seconds .

========================================================================
Received Import Request.
  Time since last request: 0.007153 seconds.
  path: Assets/Animations/AC's/Pistol.controller
  artifactKey: Guid(69894b7d544fe8640a4d352cdb216344) Importer(815301076,1909f56bfc062723c751e8b465ee728b)
Start importing Assets/Animations/AC's/Pistol.controller using Guid(69894b7d544fe8640a4d352cdb216344) Importer(815301076,1909f56bfc062723c751e8b465ee728b)  -> (artifact id: 'ac22c9b55e6966a0771361937a702f70') in 0.011140 seconds
  Import took 0.022263 seconds .

========================================================================
Received Prepare
Registering precompiled user dll's ...
Registered in 0.001537 seconds.
Begin MonoManager ReloadAssembly
Native extension for WindowsStandalone target not found
Refreshing native plugins compatible for Editor in 0.81 ms, found 0 plugins.
Preloading 0 native plugins for Editor in 0.00 ms.
Invoked RoslynAnalysisRunner static constructor.
RoslynAnalysisRunner will not be running.
RoslynAnalysisRunner has terminated.
Mono: successfully reloaded assembly
- Completed reload, in  1.883 seconds
Platform modules already initialized, skipping
Shader 'Universal Render Pipeline/Particles/Lit': fallback shader 'Universal Render Pipeline/Particles/SimpleLit' not found
Refreshing native plugins compatible for Editor in 0.87 ms, found 0 plugins.
Preloading 0 native plugins for Editor in 0.00 ms.
Unloading 2392 Unused Serialized files (Serialized files now loaded: 0)
System memory in use before: 131.6 MB.
System memory in use after: 131.8 MB.

Unloading 5 unused Assets to reduce memory usage. Loaded Objects now: 2986.
Total: 5.125100 ms (FindLiveObjects: 0.434500 ms CreateObjectMapping: 0.629200 ms MarkObjects: 4.026500 ms  DeleteObjects: 0.031800 ms)

========================================================================
Received Prepare
Registering precompiled user dll's ...
Registered in 0.001289 seconds.
Begin MonoManager ReloadAssembly
Native extension for WindowsStandalone target not found
Refreshing native plugins compatible for Editor in 0.81 ms, found 0 plugins.
Preloading 0 native plugins for Editor in 0.00 ms.
Invoked RoslynAnalysisRunner static constructor.
RoslynAnalysisRunner will not be running.
RoslynAnalysisRunner has terminated.
Mono: successfully reloaded assembly
- Completed reload, in  1.582 seconds
Platform modules already initialized, skipping
Shader 'Universal Render Pipeline/Particles/Lit': fallback shader 'Universal Render Pipeline/Particles/SimpleLit' not found
Refreshing native plugins compatible for Editor in 0.55 ms, found 0 plugins.
Preloading 0 native plugins for Editor in 0.00 ms.
Unloading 2392 Unused Serialized files (Serialized files now loaded: 0)
System memory in use before: 131.6 MB.
System memory in use after: 131.8 MB.

Unloading 5 unused Assets to reduce memory usage. Loaded Objects now: 2989.
Total: 3.107100 ms (FindLiveObjects: 0.508200 ms CreateObjectMapping: 0.192900 ms MarkObjects: 2.354100 ms  DeleteObjects: 0.050500 ms)

========================================================================
Received Prepare
Registering precompiled user dll's ...
Registered in 0.001247 seconds.
Begin MonoManager ReloadAssembly
Native extension for WindowsStandalone target not found
Refreshing native plugins compatible for Editor in 0.58 ms, found 0 plugins.
Preloading 0 native plugins for Editor in 0.00 ms.
Invoked RoslynAnalysisRunner static constructor.
RoslynAnalysisRunner will not be running.
RoslynAnalysisRunner has terminated.
Mono: successfully reloaded assembly
- Completed reload, in  1.690 seconds
Platform modules already initialized, skipping
Shader 'Universal Render Pipeline/Particles/Lit': fallback shader 'Universal Render Pipeline/Particles/SimpleLit' not found
Refreshing native plugins compatible for Editor in 0.89 ms, found 0 plugins.
Preloading 0 native plugins for Editor in 0.00 ms.
Unloading 2392 Unused Serialized files (Serialized files now loaded: 0)
System memory in use before: 131.6 MB.
System memory in use after: 131.8 MB.

Unloading 5 unused Assets to reduce memory usage. Loaded Objects now: 2992.
Total: 7.273900 ms (FindLiveObjects: 0.397400 ms CreateObjectMapping: 0.345200 ms MarkObjects: 6.503900 ms  DeleteObjects: 0.025500 ms)

========================================================================
Received Prepare
Registering precompiled user dll's ...
Registered in 0.001288 seconds.
Begin MonoManager ReloadAssembly
Native extension for WindowsStandalone target not found
Refreshing native plugins compatible for Editor in 0.85 ms, found 0 plugins.
Preloading 0 native plugins for Editor in 0.00 ms.
Invoked RoslynAnalysisRunner static constructor.
RoslynAnalysisRunner will not be running.
RoslynAnalysisRunner has terminated.
Mono: successfully reloaded assembly
- Completed reload, in  1.849 seconds
Platform modules already initialized, skipping
Shader 'Universal Render Pipeline/Particles/Lit': fallback shader 'Universal Render Pipeline/Particles/SimpleLit' not found
Refreshing native plugins compatible for Editor in 0.54 ms, found 0 plugins.
Preloading 0 native plugins for Editor in 0.00 ms.
Unloading 2392 Unused Serialized files (Serialized files now loaded: 0)
System memory in use before: 131.5 MB.
System memory in use after: 131.7 MB.

Unloading 5 unused Assets to reduce memory usage. Loaded Objects now: 2995.
Total: 2.906700 ms (FindLiveObjects: 0.301700 ms CreateObjectMapping: 0.271700 ms MarkObjects: 2.312200 ms  DeleteObjects: 0.019600 ms)

========================================================================
Received Prepare
Registering precompiled user dll's ...
Registered in 0.001620 seconds.
Begin MonoManager ReloadAssembly
Native extension for WindowsStandalone target not found
Refreshing native plugins compatible for Editor in 0.72 ms, found 0 plugins.
Preloading 0 native plugins for Editor in 0.00 ms.
Invoked RoslynAnalysisRunner static constructor.
RoslynAnalysisRunner will not be running.
RoslynAnalysisRunner has terminated.
Mono: successfully reloaded assembly
- Completed reload, in  1.550 seconds
Platform modules already initialized, skipping
Shader 'Universal Render Pipeline/Particles/Lit': fallback shader 'Universal Render Pipeline/Particles/SimpleLit' not found
Refreshing native plugins compatible for Editor in 0.56 ms, found 0 plugins.
Preloading 0 native plugins for Editor in 0.00 ms.
Unloading 2392 Unused Serialized files (Serialized files now loaded: 0)
System memory in use before: 131.6 MB.
System memory in use after: 131.9 MB.

Unloading 5 unused Assets to reduce memory usage. Loaded Objects now: 2998.
Total: 3.492000 ms (FindLiveObjects: 0.448100 ms CreateObjectMapping: 0.207000 ms MarkObjects: 2.811700 ms  DeleteObjects: 0.023300 ms)

========================================================================
Received Prepare
Registering precompiled user dll's ...
Registered in 0.002374 seconds.
Begin MonoManager ReloadAssembly
Native extension for WindowsStandalone target not found
Refreshing native plugins compatible for Editor in 0.82 ms, found 0 plugins.
Preloading 0 native plugins for Editor in 0.00 ms.
Invoked RoslynAnalysisRunner static constructor.
RoslynAnalysisRunner will not be running.
RoslynAnalysisRunner has terminated.
Mono: successfully reloaded assembly
- Completed reload, in  1.807 seconds
Platform modules already initialized, skipping
Shader 'Universal Render Pipeline/Particles/Lit': fallback shader 'Universal Render Pipeline/Particles/SimpleLit' not found
Refreshing native plugins compatible for Editor in 0.80 ms, found 0 plugins.
Preloading 0 native plugins for Editor in 0.00 ms.
Unloading 2392 Unused Serialized files (Serialized files now loaded: 0)
System memory in use before: 131.6 MB.
System memory in use after: 131.9 MB.

Unloading 5 unused Assets to reduce memory usage. Loaded Objects now: 3001.
Total: 4.300700 ms (FindLiveObjects: 0.382100 ms CreateObjectMapping: 0.194700 ms MarkObjects: 3.688800 ms  DeleteObjects: 0.032300 ms)

========================================================================
Received Import Request.
  Time since last request: 868.308737 seconds.
  path: Assets/Scripts/Weapons/Weapon.cs
  artifactKey: Guid(46f5d2b1f17b13342894bf8958d08f39) Importer(815301076,1909f56bfc062723c751e8b465ee728b)
Start importing Assets/Scripts/Weapons/Weapon.cs using Guid(46f5d2b1f17b13342894bf8958d08f39) Importer(815301076,1909f56bfc062723c751e8b465ee728b)  -> (artifact id: 'c94fb2856dd445f72198bdda11cb772f') in 0.087006 seconds
  Import took 0.153527 seconds .

========================================================================
Received Prepare
Registering precompiled user dll's ...
Registered in 0.001670 seconds.
Begin MonoManager ReloadAssembly
Native extension for WindowsStandalone target not found
Refreshing native plugins compatible for Editor in 1.35 ms, found 0 plugins.
Preloading 0 native plugins for Editor in 0.00 ms.
Invoked RoslynAnalysisRunner static constructor.
RoslynAnalysisRunner will not be running.
RoslynAnalysisRunner has terminated.
Mono: successfully reloaded assembly
- Completed reload, in  2.006 seconds
Platform modules already initialized, skipping
Shader 'Universal Render Pipeline/Particles/Lit': fallback shader 'Universal Render Pipeline/Particles/SimpleLit' not found
Refreshing native plugins compatible for Editor in 0.85 ms, found 0 plugins.
Preloading 0 native plugins for Editor in 0.00 ms.
Unloading 2393 Unused Serialized files (Serialized files now loaded: 0)
System memory in use before: 131.7 MB.
System memory in use after: 131.9 MB.

Unloading 5 unused Assets to reduce memory usage. Loaded Objects now: 3005.
Total: 4.973300 ms (FindLiveObjects: 0.467000 ms CreateObjectMapping: 0.628300 ms MarkObjects: 3.842600 ms  DeleteObjects: 0.032800 ms)

========================================================================
Received Prepare
Registering precompiled user dll's ...
Registered in 0.002256 seconds.
Begin MonoManager ReloadAssembly
Native extension for WindowsStandalone target not found
Refreshing native plugins compatible for Editor in 0.82 ms, found 0 plugins.
Preloading 0 native plugins for Editor in 0.00 ms.
Invoked RoslynAnalysisRunner static constructor.
RoslynAnalysisRunner will not be running.
RoslynAnalysisRunner has terminated.
Mono: successfully reloaded assembly
- Completed reload, in  1.658 seconds
Platform modules already initialized, skipping
Shader 'Universal Render Pipeline/Particles/Lit': fallback shader 'Universal Render Pipeline/Particles/SimpleLit' not found
Refreshing native plugins compatible for Editor in 0.81 ms, found 0 plugins.
Preloading 0 native plugins for Editor in 0.00 ms.
Unloading 2393 Unused Serialized files (Serialized files now loaded: 0)
System memory in use before: 131.7 MB.
System memory in use after: 131.9 MB.

Unloading 5 unused Assets to reduce memory usage. Loaded Objects now: 3008.
Total: 4.559400 ms (FindLiveObjects: 0.624700 ms CreateObjectMapping: 0.300600 ms MarkObjects: 3.599200 ms  DeleteObjects: 0.032000 ms)

========================================================================
Received Import Request.
  Time since last request: 213.447883 seconds.
  path: Assets/Scripts/Weapons/Weapon.cs
  artifactKey: Guid(46f5d2b1f17b13342894bf8958d08f39) Importer(815301076,1909f56bfc062723c751e8b465ee728b)
Start importing Assets/Scripts/Weapons/Weapon.cs using Guid(46f5d2b1f17b13342894bf8958d08f39) Importer(815301076,1909f56bfc062723c751e8b465ee728b)  -> (artifact id: '8aa18cf6e6f04ce265504d736ee2d70f') in 0.008110 seconds
  Import took 0.060626 seconds .

AssetImportWorkerClient::OnTransportError - code=2 error=End of file
