Using pre-set license
Built from '2020.3/release' branch; Version is '2020.3.1f1 (77a89f25062f) revision 7841951'; Using compiler version '192528614'; Build Type 'Release'
OS: 'Windows 10 Home; OS build 19042.1288; Version 2009; 64bit' Language: 'en' Physical Memory: 8077 MB
BatchMode: 1, IsHumanControllingUs: 0, StartBugReporterOnCrash: 0, Is64bit: 1, IsPro: 0

 COMMAND LINE ARGUMENTS:
D:\Programs\Unity\2020.3.1f1\Editor\Unity.exe
-adb2
-batchMode
-noUpm
-name
AssetImportWorker1
-projectPath
D:/Projects/Unity/JungleWarrior
-logFile
Logs/AssetImportWorker1.log
-srvPort
61800
Successfully changed project path to: D:/Projects/Unity/JungleWarrior
D:/Projects/Unity/JungleWarrior
Using Asset Import Pipeline V2.
Refreshing native plugins compatible for Editor in 57.78 ms, found 0 plugins.
Preloading 0 native plugins for Editor in 0.00 ms.
Initialize engine version: 2020.3.1f1 (77a89f25062f)
[Subsystems] Discovering subsystems at path D:/Programs/Unity/2020.3.1f1/Editor/Data/Resources/UnitySubsystems
[Subsystems] Discovering subsystems at path D:/Projects/Unity/JungleWarrior/Assets
GfxDevice: creating device client; threaded=0
Direct3D:
    Version:  Direct3D 11.0 [level 11.1]
    Renderer: NVIDIA GeForce GTX 1050 (ID=0x1c8d)
    Vendor:   
    VRAM:     1977 MB
    Driver:   27.21.14.6280
Shader 'Universal Render Pipeline/Particles/Lit': fallback shader 'Universal Render Pipeline/Particles/SimpleLit' not found
Initialize mono
Mono path[0] = 'D:/Programs/Unity/2020.3.1f1/Editor/Data/Managed'
Mono path[1] = 'D:/Programs/Unity/2020.3.1f1/Editor/Data/MonoBleedingEdge/lib/mono/unityjit'
Mono config path = 'D:/Programs/Unity/2020.3.1f1/Editor/Data/MonoBleedingEdge/etc'
Using monoOptions --debugger-agent=transport=dt_socket,embedding=1,server=y,suspend=n,address=127.0.0.1:56988
Begin MonoManager ReloadAssembly
Registering precompiled unity dll's ...
Register platform support module: D:/Programs/Unity/2020.3.1f1/Editor/Data/PlaybackEngines/WindowsStandaloneSupport/UnityEditor.WindowsStandalone.Extensions.dll
Registered in 0.001161 seconds.
Native extension for WindowsStandalone target not found
Refreshing native plugins compatible for Editor in 57.49 ms, found 0 plugins.
Preloading 0 native plugins for Editor in 0.00 ms.
Invoked RoslynAnalysisRunner static constructor.
RoslynAnalysisRunner will not be running.
RoslynAnalysisRunner has terminated.
Mono: successfully reloaded assembly
- Completed reload, in  1.820 seconds
Platform modules already initialized, skipping
Registering precompiled user dll's ...
Registered in 0.001202 seconds.
Begin MonoManager ReloadAssembly
Native extension for WindowsStandalone target not found
Refreshing native plugins compatible for Editor in 80.26 ms, found 0 plugins.
Preloading 0 native plugins for Editor in 0.00 ms.
Invoked RoslynAnalysisRunner static constructor.
RoslynAnalysisRunner will not be running.
RoslynAnalysisRunner has terminated.
Mono: successfully reloaded assembly
- Completed reload, in  1.476 seconds
Platform modules already initialized, skipping
========================================================================
Worker process is ready to serve import requests
Shader 'Universal Render Pipeline/Particles/Lit': fallback shader 'Universal Render Pipeline/Particles/SimpleLit' not found
Launched and connected shader compiler UnityShaderCompiler.exe after 0.33 seconds
Refreshing native plugins compatible for Editor in 0.92 ms, found 0 plugins.
Preloading 0 native plugins for Editor in 0.00 ms.
Unloading 2508 Unused Serialized files (Serialized files now loaded: 0)
System memory in use before: 138.2 MB.
System memory in use after: 138.4 MB.

Unloading 10 unused Assets to reduce memory usage. Loaded Objects now: 2981.
Total: 5.416500 ms (FindLiveObjects: 0.783700 ms CreateObjectMapping: 0.250700 ms MarkObjects: 4.036100 ms  DeleteObjects: 0.343000 ms)

========================================================================
Received Import Request.
  path: Assets/Prefabs/Weapons/Grenade.prefab
  artifactKey: Guid(fb46af6d6e88df64bb7ab69cf11ac47f) Importer(815301076,1909f56bfc062723c751e8b465ee728b)
Start importing Assets/Prefabs/Weapons/Grenade.prefab using Guid(fb46af6d6e88df64bb7ab69cf11ac47f) Importer(815301076,1909f56bfc062723c751e8b465ee728b)  -> (artifact id: 'f050fe500848fad5c14153272fda74f2') in 0.804078 seconds
  Import took 0.814306 seconds .

========================================================================
Received Import Request.
  Time since last request: 0.000343 seconds.
  path: Assets/Prefabs/Weapons/Pistol.prefab
  artifactKey: Guid(cfd44b8c193695a4184101eccc097163) Importer(815301076,1909f56bfc062723c751e8b465ee728b)
Start importing Assets/Prefabs/Weapons/Pistol.prefab using Guid(cfd44b8c193695a4184101eccc097163) Importer(815301076,1909f56bfc062723c751e8b465ee728b)  -> (artifact id: '8c85d0f5be135c92f15df8343fa8694f') in 0.356245 seconds
  Import took 0.393518 seconds .

========================================================================
Received Import Request.
  Time since last request: 0.000229 seconds.
  path: Assets/Prefabs/Weapons/GrenadeLauncher.prefab
  artifactKey: Guid(aa060314e39fcc34dbe78f1ebccdbe3f) Importer(815301076,1909f56bfc062723c751e8b465ee728b)
Start importing Assets/Prefabs/Weapons/GrenadeLauncher.prefab using Guid(aa060314e39fcc34dbe78f1ebccdbe3f) Importer(815301076,1909f56bfc062723c751e8b465ee728b)  -> (artifact id: 'ae2c85579aa983272dcae5a9f70117d1') in 0.071979 seconds
  Import took 0.098869 seconds .

========================================================================
Received Import Request.
  Time since last request: 0.000296 seconds.
  path: Assets/Prefabs/Weapons/Blaster.prefab
  artifactKey: Guid(caeabd2a15c25a0459e627e35ce84e74) Importer(815301076,1909f56bfc062723c751e8b465ee728b)
Start importing Assets/Prefabs/Weapons/Blaster.prefab using Guid(caeabd2a15c25a0459e627e35ce84e74) Importer(815301076,1909f56bfc062723c751e8b465ee728b)  -> (artifact id: 'a4add96fdf81347d64245ced02b12c5f') in 0.094333 seconds
  Import took 0.114893 seconds .

========================================================================
Received Prepare
Shader 'Universal Render Pipeline/Particles/Lit': fallback shader 'Universal Render Pipeline/Particles/SimpleLit' not found
Refreshing native plugins compatible for Editor in 1.08 ms, found 0 plugins.
Preloading 0 native plugins for Editor in 0.00 ms.
Unloading 3 Unused Serialized files (Serialized files now loaded: 0)
System memory in use before: 91.4 MB.
System memory in use after: 91.6 MB.

Unloading 3 unused Assets to reduce memory usage. Loaded Objects now: 3054.
Total: 3.097500 ms (FindLiveObjects: 0.277600 ms CreateObjectMapping: 0.137700 ms MarkObjects: 2.666300 ms  DeleteObjects: 0.014700 ms)

========================================================================
Received Import Request.
  Time since last request: 205.138533 seconds.
  path: Assets/Prefabs/ParticleSystems/ExplosionCore.prefab
  artifactKey: Guid(bc51b2b09b2e84b43b1855119dc949b0) Importer(815301076,1909f56bfc062723c751e8b465ee728b)
Start importing Assets/Prefabs/ParticleSystems/ExplosionCore.prefab using Guid(bc51b2b09b2e84b43b1855119dc949b0) Importer(815301076,1909f56bfc062723c751e8b465ee728b)  -> (artifact id: 'a6e6cb8dd0f7d613a23329eed476c883') in 0.043849 seconds
  Import took 0.076530 seconds .

========================================================================
Received Import Request.
  Time since last request: 5.355948 seconds.
  path: Assets/Prefabs/ParticleSystems/ExplosionCore.prefab
  artifactKey: Guid(bc51b2b09b2e84b43b1855119dc949b0) Importer(815301076,1909f56bfc062723c751e8b465ee728b)
Start importing Assets/Prefabs/ParticleSystems/ExplosionCore.prefab using Guid(bc51b2b09b2e84b43b1855119dc949b0) Importer(815301076,1909f56bfc062723c751e8b465ee728b)  -> (artifact id: 'f45cec0a9ed9d392d7e66dd05567e205') in 0.006519 seconds
  Import took 0.016311 seconds .

========================================================================
Received Prepare
Registering precompiled user dll's ...
Registered in 0.001531 seconds.
Begin MonoManager ReloadAssembly
Native extension for WindowsStandalone target not found
Refreshing native plugins compatible for Editor in 0.52 ms, found 0 plugins.
Preloading 0 native plugins for Editor in 0.00 ms.
Invoked RoslynAnalysisRunner static constructor.
RoslynAnalysisRunner will not be running.
RoslynAnalysisRunner has terminated.
Mono: successfully reloaded assembly
- Completed reload, in  1.065 seconds
Platform modules already initialized, skipping
Shader 'Universal Render Pipeline/Particles/Lit': fallback shader 'Universal Render Pipeline/Particles/SimpleLit' not found
Refreshing native plugins compatible for Editor in 0.53 ms, found 0 plugins.
Preloading 0 native plugins for Editor in 0.00 ms.
Unloading 2393 Unused Serialized files (Serialized files now loaded: 0)
System memory in use before: 137.1 MB.
System memory in use after: 137.3 MB.

Unloading 5 unused Assets to reduce memory usage. Loaded Objects now: 3030.
Total: 2.586100 ms (FindLiveObjects: 0.316100 ms CreateObjectMapping: 0.148400 ms MarkObjects: 2.090900 ms  DeleteObjects: 0.029800 ms)

========================================================================
Received Import Request.
  Time since last request: 61.181813 seconds.
  path: Assets/Prefabs/ParticleSystems/ExplosionPiecesGravity.prefab
  artifactKey: Guid(e82424fc8f9f0db41affb374ca0a732a) Importer(815301076,1909f56bfc062723c751e8b465ee728b)
Start importing Assets/Prefabs/ParticleSystems/ExplosionPiecesGravity.prefab using Guid(e82424fc8f9f0db41affb374ca0a732a) Importer(815301076,1909f56bfc062723c751e8b465ee728b)  -> (artifact id: 'a32f199baeef2da76f63f46d69d5ab1d') in 0.066606 seconds
  Import took 0.071302 seconds .

========================================================================
Received Import Request.
  Time since last request: 0.000293 seconds.
  path: Assets/Prefabs/ParticleSystems/ExplosionCore.prefab
  artifactKey: Guid(bc51b2b09b2e84b43b1855119dc949b0) Importer(815301076,1909f56bfc062723c751e8b465ee728b)
Start importing Assets/Prefabs/ParticleSystems/ExplosionCore.prefab using Guid(bc51b2b09b2e84b43b1855119dc949b0) Importer(815301076,1909f56bfc062723c751e8b465ee728b)  -> (artifact id: 'b9601ea9bb8c4d4a95971a886c360be6') in 0.007286 seconds
  Import took 0.024017 seconds .

========================================================================
Received Import Request.
  Time since last request: 17.708088 seconds.
  path: Assets/Prefabs/ParticleSystems/ExplosionCore.prefab
  artifactKey: Guid(bc51b2b09b2e84b43b1855119dc949b0) Importer(815301076,1909f56bfc062723c751e8b465ee728b)
Start importing Assets/Prefabs/ParticleSystems/ExplosionCore.prefab using Guid(bc51b2b09b2e84b43b1855119dc949b0) Importer(815301076,1909f56bfc062723c751e8b465ee728b)  -> (artifact id: '6b186521d1dc37954f889181d65bbab5') in 0.008083 seconds
  Import took 0.029148 seconds .

========================================================================
Received Import Request.
  Time since last request: 1.575149 seconds.
  path: Assets/Prefabs/ParticleSystems/ExplosionCore.prefab
  artifactKey: Guid(bc51b2b09b2e84b43b1855119dc949b0) Importer(815301076,1909f56bfc062723c751e8b465ee728b)
Start importing Assets/Prefabs/ParticleSystems/ExplosionCore.prefab using Guid(bc51b2b09b2e84b43b1855119dc949b0) Importer(815301076,1909f56bfc062723c751e8b465ee728b)  -> (artifact id: 'e413b352b693f1d05bc2c241a92ded8c') in 0.007574 seconds
  Import took 0.013872 seconds .

========================================================================
Received Prepare
Registering precompiled user dll's ...
Registered in 0.002360 seconds.
Begin MonoManager ReloadAssembly
Native extension for WindowsStandalone target not found
Refreshing native plugins compatible for Editor in 0.51 ms, found 0 plugins.
Preloading 0 native plugins for Editor in 0.00 ms.
Invoked RoslynAnalysisRunner static constructor.
RoslynAnalysisRunner will not be running.
RoslynAnalysisRunner has terminated.
Mono: successfully reloaded assembly
- Completed reload, in  1.220 seconds
Platform modules already initialized, skipping
Shader 'Universal Render Pipeline/Particles/Lit': fallback shader 'Universal Render Pipeline/Particles/SimpleLit' not found
Refreshing native plugins compatible for Editor in 0.48 ms, found 0 plugins.
Preloading 0 native plugins for Editor in 0.00 ms.
Unloading 2393 Unused Serialized files (Serialized files now loaded: 0)
System memory in use before: 137.1 MB.
System memory in use after: 137.4 MB.

Unloading 5 unused Assets to reduce memory usage. Loaded Objects now: 3033.
Total: 3.135900 ms (FindLiveObjects: 0.304600 ms CreateObjectMapping: 0.193400 ms MarkObjects: 2.618600 ms  DeleteObjects: 0.017300 ms)

========================================================================
Received Import Request.
  Time since last request: 115.717524 seconds.
  path: Assets/Prefabs/ParticleSystems/ExplosionPiecesGravity.prefab
  artifactKey: Guid(e82424fc8f9f0db41affb374ca0a732a) Importer(815301076,1909f56bfc062723c751e8b465ee728b)
Start importing Assets/Prefabs/ParticleSystems/ExplosionPiecesGravity.prefab using Guid(e82424fc8f9f0db41affb374ca0a732a) Importer(815301076,1909f56bfc062723c751e8b465ee728b)  -> (artifact id: '0b2dca2c00b55f5d6a7e68ae24501f40') in 0.032634 seconds
  Import took 0.040053 seconds .

========================================================================
Received Import Request.
  Time since last request: 0.001146 seconds.
  path: Assets/Prefabs/ParticleSystems/ExplosionCore.prefab
  artifactKey: Guid(bc51b2b09b2e84b43b1855119dc949b0) Importer(815301076,1909f56bfc062723c751e8b465ee728b)
Start importing Assets/Prefabs/ParticleSystems/ExplosionCore.prefab using Guid(bc51b2b09b2e84b43b1855119dc949b0) Importer(815301076,1909f56bfc062723c751e8b465ee728b)  -> (artifact id: '1d12ea1d8b276a6566c3b3c8d4aa7cf8') in 0.007697 seconds
  Import took 0.115439 seconds .

========================================================================
Received Import Request.
  Time since last request: 19.167540 seconds.
  path: Assets/Prefabs/ParticleSystems/ExplosionCore.prefab
  artifactKey: Guid(bc51b2b09b2e84b43b1855119dc949b0) Importer(815301076,1909f56bfc062723c751e8b465ee728b)
Start importing Assets/Prefabs/ParticleSystems/ExplosionCore.prefab using Guid(bc51b2b09b2e84b43b1855119dc949b0) Importer(815301076,1909f56bfc062723c751e8b465ee728b)  -> (artifact id: 'a9980d94845519b180e9e4048894ef9b') in 0.007267 seconds
  Import took 0.030320 seconds .

========================================================================
Received Prepare
Registering precompiled user dll's ...
Registered in 0.002156 seconds.
Begin MonoManager ReloadAssembly
Native extension for WindowsStandalone target not found
Refreshing native plugins compatible for Editor in 0.48 ms, found 0 plugins.
Preloading 0 native plugins for Editor in 0.00 ms.
Invoked RoslynAnalysisRunner static constructor.
RoslynAnalysisRunner will not be running.
RoslynAnalysisRunner has terminated.
Mono: successfully reloaded assembly
- Completed reload, in  1.193 seconds
Platform modules already initialized, skipping
Shader 'Universal Render Pipeline/Particles/Lit': fallback shader 'Universal Render Pipeline/Particles/SimpleLit' not found
Refreshing native plugins compatible for Editor in 1.62 ms, found 0 plugins.
Preloading 0 native plugins for Editor in 0.00 ms.
Unloading 2393 Unused Serialized files (Serialized files now loaded: 0)
System memory in use before: 137.2 MB.
System memory in use after: 137.4 MB.

Unloading 5 unused Assets to reduce memory usage. Loaded Objects now: 3036.
Total: 3.106100 ms (FindLiveObjects: 0.284200 ms CreateObjectMapping: 0.125400 ms MarkObjects: 2.676600 ms  DeleteObjects: 0.018400 ms)

========================================================================
Received Import Request.
  Time since last request: 79.660843 seconds.
  path: Assets/Prefabs/ParticleSystems/ExplosionCore.prefab
  artifactKey: Guid(bc51b2b09b2e84b43b1855119dc949b0) Importer(815301076,1909f56bfc062723c751e8b465ee728b)
Start importing Assets/Prefabs/ParticleSystems/ExplosionCore.prefab using Guid(bc51b2b09b2e84b43b1855119dc949b0) Importer(815301076,1909f56bfc062723c751e8b465ee728b)  -> (artifact id: '6a3586ca1825868e2039e559108c9988') in 0.058316 seconds
  Import took 0.087234 seconds .

========================================================================
Received Import Request.
  Time since last request: 61.700431 seconds.
  path: Assets/Prefabs/ParticleSystems/ExplosionCore.prefab
  artifactKey: Guid(bc51b2b09b2e84b43b1855119dc949b0) Importer(815301076,1909f56bfc062723c751e8b465ee728b)
Start importing Assets/Prefabs/ParticleSystems/ExplosionCore.prefab using Guid(bc51b2b09b2e84b43b1855119dc949b0) Importer(815301076,1909f56bfc062723c751e8b465ee728b)  -> (artifact id: '62ab6b042dd82bac928f74d28ddf08b7') in 0.009444 seconds
  Import took 0.023720 seconds .

========================================================================
Received Import Request.
  Time since last request: 4.146429 seconds.
  path: Assets/Prefabs/ParticleSystems/ExplosionCore.prefab
  artifactKey: Guid(bc51b2b09b2e84b43b1855119dc949b0) Importer(815301076,1909f56bfc062723c751e8b465ee728b)
Start importing Assets/Prefabs/ParticleSystems/ExplosionCore.prefab using Guid(bc51b2b09b2e84b43b1855119dc949b0) Importer(815301076,1909f56bfc062723c751e8b465ee728b)  -> (artifact id: 'be7d33de39c038b3c3daa34526190784') in 0.008709 seconds
  Import took 0.022534 seconds .

========================================================================
Received Import Request.
  Time since last request: 0.000377 seconds.
  path: Assets/Prefabs/ParticleSystems/ExplosionPiecesGravity.prefab
  artifactKey: Guid(e82424fc8f9f0db41affb374ca0a732a) Importer(815301076,1909f56bfc062723c751e8b465ee728b)
Start importing Assets/Prefabs/ParticleSystems/ExplosionPiecesGravity.prefab using Guid(e82424fc8f9f0db41affb374ca0a732a) Importer(815301076,1909f56bfc062723c751e8b465ee728b)  -> (artifact id: 'bc92f20f536a5b81ef778a5152dcdae3') in 0.005533 seconds
  Import took 0.022905 seconds .

========================================================================
Received Prepare
Registering precompiled user dll's ...
Registered in 0.001509 seconds.
Begin MonoManager ReloadAssembly
Native extension for WindowsStandalone target not found
Refreshing native plugins compatible for Editor in 1.12 ms, found 0 plugins.
Preloading 0 native plugins for Editor in 0.00 ms.
Invoked RoslynAnalysisRunner static constructor.
RoslynAnalysisRunner will not be running.
RoslynAnalysisRunner has terminated.
Mono: successfully reloaded assembly
- Completed reload, in  1.257 seconds
Platform modules already initialized, skipping
Shader 'Universal Render Pipeline/Particles/Lit': fallback shader 'Universal Render Pipeline/Particles/SimpleLit' not found
Refreshing native plugins compatible for Editor in 0.51 ms, found 0 plugins.
Preloading 0 native plugins for Editor in 0.00 ms.
Unloading 2393 Unused Serialized files (Serialized files now loaded: 0)
System memory in use before: 137.2 MB.
System memory in use after: 137.4 MB.

Unloading 5 unused Assets to reduce memory usage. Loaded Objects now: 3039.
Total: 2.443000 ms (FindLiveObjects: 0.301000 ms CreateObjectMapping: 0.118000 ms MarkObjects: 2.007100 ms  DeleteObjects: 0.016200 ms)

========================================================================
Received Import Request.
  Time since last request: 271.790182 seconds.
  path: Assets/Prefabs/ParticleSystems/ExplosionCore.prefab
  artifactKey: Guid(bc51b2b09b2e84b43b1855119dc949b0) Importer(815301076,1909f56bfc062723c751e8b465ee728b)
Start importing Assets/Prefabs/ParticleSystems/ExplosionCore.prefab using Guid(bc51b2b09b2e84b43b1855119dc949b0) Importer(815301076,1909f56bfc062723c751e8b465ee728b)  -> (artifact id: '0bf1bca921405afe082731df3f0fc34a') in 0.066106 seconds
  Import took 0.114619 seconds .

========================================================================
Received Import Request.
  Time since last request: 4.478946 seconds.
  path: Assets/Prefabs/ParticleSystems/ExplosionCore.prefab
  artifactKey: Guid(bc51b2b09b2e84b43b1855119dc949b0) Importer(815301076,1909f56bfc062723c751e8b465ee728b)
Start importing Assets/Prefabs/ParticleSystems/ExplosionCore.prefab using Guid(bc51b2b09b2e84b43b1855119dc949b0) Importer(815301076,1909f56bfc062723c751e8b465ee728b)  -> (artifact id: '6152886ae33b940da1408cc6f9e69c10') in 0.008978 seconds
  Import took 0.030961 seconds .

========================================================================
Received Import Request.
  Time since last request: 1.400105 seconds.
  path: Assets/Prefabs/ParticleSystems/ExplosionCore.prefab
  artifactKey: Guid(bc51b2b09b2e84b43b1855119dc949b0) Importer(815301076,1909f56bfc062723c751e8b465ee728b)
Start importing Assets/Prefabs/ParticleSystems/ExplosionCore.prefab using Guid(bc51b2b09b2e84b43b1855119dc949b0) Importer(815301076,1909f56bfc062723c751e8b465ee728b)  -> (artifact id: '38750a489814329e3810fc77d08a9194') in 0.009217 seconds
  Import took 0.018926 seconds .

========================================================================
Received Import Request.
  Time since last request: 4.202609 seconds.
  path: Assets/Prefabs/ParticleSystems/ExplosionCore.prefab
  artifactKey: Guid(bc51b2b09b2e84b43b1855119dc949b0) Importer(815301076,1909f56bfc062723c751e8b465ee728b)
Start importing Assets/Prefabs/ParticleSystems/ExplosionCore.prefab using Guid(bc51b2b09b2e84b43b1855119dc949b0) Importer(815301076,1909f56bfc062723c751e8b465ee728b)  -> (artifact id: 'cb2004d6d3c1ed71458df19699e1c94c') in 0.010476 seconds
  Import took 0.025276 seconds .

========================================================================
Received Prepare
Registering precompiled user dll's ...
Registered in 0.001570 seconds.
Begin MonoManager ReloadAssembly
Native extension for WindowsStandalone target not found
Refreshing native plugins compatible for Editor in 0.49 ms, found 0 plugins.
Preloading 0 native plugins for Editor in 0.00 ms.
Invoked RoslynAnalysisRunner static constructor.
RoslynAnalysisRunner will not be running.
RoslynAnalysisRunner has terminated.
Mono: successfully reloaded assembly
- Completed reload, in  1.225 seconds
Platform modules already initialized, skipping
Shader 'Universal Render Pipeline/Particles/Lit': fallback shader 'Universal Render Pipeline/Particles/SimpleLit' not found
Refreshing native plugins compatible for Editor in 0.50 ms, found 0 plugins.
Preloading 0 native plugins for Editor in 0.00 ms.
Unloading 2393 Unused Serialized files (Serialized files now loaded: 0)
System memory in use before: 137.1 MB.
System memory in use after: 137.3 MB.

Unloading 5 unused Assets to reduce memory usage. Loaded Objects now: 3042.
Total: 2.632400 ms (FindLiveObjects: 0.369900 ms CreateObjectMapping: 0.111300 ms MarkObjects: 2.121400 ms  DeleteObjects: 0.029000 ms)

========================================================================
Received Import Request.
  Time since last request: 79.618003 seconds.
  path: Assets/Prefabs/ParticleSystems/ExplosionCore.prefab
  artifactKey: Guid(bc51b2b09b2e84b43b1855119dc949b0) Importer(815301076,1909f56bfc062723c751e8b465ee728b)
Start importing Assets/Prefabs/ParticleSystems/ExplosionCore.prefab using Guid(bc51b2b09b2e84b43b1855119dc949b0) Importer(815301076,1909f56bfc062723c751e8b465ee728b)  -> (artifact id: '96d438c3d656be12d0a23203ffcf1702') in 0.068021 seconds
  Import took 0.075682 seconds .

========================================================================
Received Import Request.
  Time since last request: 4.325461 seconds.
  path: Assets/Prefabs/ParticleSystems/ExplosionCore.prefab
  artifactKey: Guid(bc51b2b09b2e84b43b1855119dc949b0) Importer(815301076,1909f56bfc062723c751e8b465ee728b)
Start importing Assets/Prefabs/ParticleSystems/ExplosionCore.prefab using Guid(bc51b2b09b2e84b43b1855119dc949b0) Importer(815301076,1909f56bfc062723c751e8b465ee728b)  -> (artifact id: '18289d86f52c3e3ab49c5a0d1fc7de12') in 0.008118 seconds
  Import took 0.027798 seconds .

========================================================================
Received Import Request.
  Time since last request: 7.693266 seconds.
  path: Assets/Prefabs/ParticleSystems/ExplosionCore.prefab
  artifactKey: Guid(bc51b2b09b2e84b43b1855119dc949b0) Importer(815301076,1909f56bfc062723c751e8b465ee728b)
Start importing Assets/Prefabs/ParticleSystems/ExplosionCore.prefab using Guid(bc51b2b09b2e84b43b1855119dc949b0) Importer(815301076,1909f56bfc062723c751e8b465ee728b)  -> (artifact id: '2f8a6b7221f2757ee180d177d72238f8') in 0.008164 seconds
  Import took 0.024520 seconds .

========================================================================
Received Import Request.
  Time since last request: 0.000580 seconds.
  path: Assets/Prefabs/ParticleSystems/ExplosionPiecesGravity.prefab
  artifactKey: Guid(e82424fc8f9f0db41affb374ca0a732a) Importer(815301076,1909f56bfc062723c751e8b465ee728b)
Start importing Assets/Prefabs/ParticleSystems/ExplosionPiecesGravity.prefab using Guid(e82424fc8f9f0db41affb374ca0a732a) Importer(815301076,1909f56bfc062723c751e8b465ee728b)  -> (artifact id: '20afbd1c80613f789e191231f4cc234a') in 0.005885 seconds
  Import took 0.020856 seconds .

========================================================================
Received Import Request.
  Time since last request: 3.920146 seconds.
  path: Assets/Prefabs/ParticleSystems/ExplosionCore.prefab
  artifactKey: Guid(bc51b2b09b2e84b43b1855119dc949b0) Importer(815301076,1909f56bfc062723c751e8b465ee728b)
Start importing Assets/Prefabs/ParticleSystems/ExplosionCore.prefab using Guid(bc51b2b09b2e84b43b1855119dc949b0) Importer(815301076,1909f56bfc062723c751e8b465ee728b)  -> (artifact id: '9cd5c1a710b2ae1c71105b24b371287b') in 0.007017 seconds
  Import took 0.037013 seconds .

========================================================================
Received Prepare
Registering precompiled user dll's ...
Registered in 0.002371 seconds.
Begin MonoManager ReloadAssembly
Native extension for WindowsStandalone target not found
Refreshing native plugins compatible for Editor in 0.61 ms, found 0 plugins.
Preloading 0 native plugins for Editor in 0.00 ms.
Invoked RoslynAnalysisRunner static constructor.
RoslynAnalysisRunner will not be running.
RoslynAnalysisRunner has terminated.
Mono: successfully reloaded assembly
- Completed reload, in  1.775 seconds
Platform modules already initialized, skipping
Shader 'Universal Render Pipeline/Particles/Lit': fallback shader 'Universal Render Pipeline/Particles/SimpleLit' not found
Refreshing native plugins compatible for Editor in 2.05 ms, found 0 plugins.
Preloading 0 native plugins for Editor in 0.00 ms.
Unloading 2393 Unused Serialized files (Serialized files now loaded: 0)
System memory in use before: 137.2 MB.
System memory in use after: 137.4 MB.

Unloading 5 unused Assets to reduce memory usage. Loaded Objects now: 3045.
Total: 9.853000 ms (FindLiveObjects: 0.863500 ms CreateObjectMapping: 2.073100 ms MarkObjects: 6.894100 ms  DeleteObjects: 0.020100 ms)

AssetImportWorkerClient::OnTransportError - code=2 error=End of file
