Using pre-set license
Built from '2020.3/release' branch; Version is '2020.3.1f1 (77a89f25062f) revision 7841951'; Using compiler version '192528614'; Build Type 'Release'
OS: 'Windows 10 Home; OS build 19042.1237; Version 2009; 64bit' Language: 'en' Physical Memory: 8077 MB
BatchMode: 1, IsHumanControllingUs: 0, StartBugReporterOnCrash: 0, Is64bit: 1, IsPro: 0

 COMMAND LINE ARGUMENTS:
D:\Programs\Unity\2020.3.1f1\Editor\Unity.exe
-adb2
-batchMode
-noUpm
-name
AssetImportWorker0
-projectPath
D:/Projects/Unity/JungleWarrior
-logFile
Logs/AssetImportWorker0.log
-srvPort
64183
Successfully changed project path to: D:/Projects/Unity/JungleWarrior
D:/Projects/Unity/JungleWarrior
Using Asset Import Pipeline V2.
Refreshing native plugins compatible for Editor in 71.16 ms, found 0 plugins.
Preloading 0 native plugins for Editor in 0.00 ms.
Initialize engine version: 2020.3.1f1 (77a89f25062f)
[Subsystems] Discovering subsystems at path D:/Programs/Unity/2020.3.1f1/Editor/Data/Resources/UnitySubsystems
[Subsystems] Discovering subsystems at path D:/Projects/Unity/JungleWarrior/Assets
GfxDevice: creating device client; threaded=0
Direct3D:
    Version:  Direct3D 11.0 [level 11.1]
    Renderer: NVIDIA GeForce GTX 1050 (ID=0x1c8d)
    Vendor:   
    VRAM:     1977 MB
    Driver:   27.21.14.6280
Shader 'Universal Render Pipeline/Particles/Lit': fallback shader 'Universal Render Pipeline/Particles/SimpleLit' not found
Initialize mono
Mono path[0] = 'D:/Programs/Unity/2020.3.1f1/Editor/Data/Managed'
Mono path[1] = 'D:/Programs/Unity/2020.3.1f1/Editor/Data/MonoBleedingEdge/lib/mono/unityjit'
Mono config path = 'D:/Programs/Unity/2020.3.1f1/Editor/Data/MonoBleedingEdge/etc'
Using monoOptions --debugger-agent=transport=dt_socket,embedding=1,server=y,suspend=n,address=127.0.0.1:56368
Begin MonoManager ReloadAssembly
Registering precompiled unity dll's ...
Register platform support module: D:/Programs/Unity/2020.3.1f1/Editor/Data/PlaybackEngines/WindowsStandaloneSupport/UnityEditor.WindowsStandalone.Extensions.dll
Registered in 0.001118 seconds.
Native extension for WindowsStandalone target not found
Refreshing native plugins compatible for Editor in 55.16 ms, found 0 plugins.
Preloading 0 native plugins for Editor in 0.00 ms.
Invoked RoslynAnalysisRunner static constructor.
RoslynAnalysisRunner will not be running.
RoslynAnalysisRunner has terminated.
Mono: successfully reloaded assembly
- Completed reload, in  1.820 seconds
Platform modules already initialized, skipping
Registering precompiled user dll's ...
Registered in 0.001308 seconds.
Begin MonoManager ReloadAssembly
Native extension for WindowsStandalone target not found
Refreshing native plugins compatible for Editor in 58.52 ms, found 0 plugins.
Preloading 0 native plugins for Editor in 0.00 ms.
Invoked RoslynAnalysisRunner static constructor.
RoslynAnalysisRunner will not be running.
RoslynAnalysisRunner has terminated.
Mono: successfully reloaded assembly
- Completed reload, in  1.118 seconds
Platform modules already initialized, skipping
========================================================================
Worker process is ready to serve import requests
Shader 'Universal Render Pipeline/Particles/Lit': fallback shader 'Universal Render Pipeline/Particles/SimpleLit' not found
Launched and connected shader compiler UnityShaderCompiler.exe after 0.20 seconds
Refreshing native plugins compatible for Editor in 0.47 ms, found 0 plugins.
Preloading 0 native plugins for Editor in 0.00 ms.
Unloading 2495 Unused Serialized files (Serialized files now loaded: 0)
System memory in use before: 134.8 MB.
System memory in use after: 135.0 MB.

Unloading 10 unused Assets to reduce memory usage. Loaded Objects now: 2968.
Total: 2.916200 ms (FindLiveObjects: 0.312100 ms CreateObjectMapping: 0.340900 ms MarkObjects: 2.140300 ms  DeleteObjects: 0.122100 ms)

========================================================================
Received Import Request.
  path: Assets/Standard Assets/FirstPersonCharacter
  artifactKey: Guid(943e057eaae705e43b9e9b2e53d6adb0) Importer(815301076,1909f56bfc062723c751e8b465ee728b)
Start importing Assets/Standard Assets/FirstPersonCharacter using Guid(943e057eaae705e43b9e9b2e53d6adb0) Importer(815301076,1909f56bfc062723c751e8b465ee728b)  -> (artifact id: 'c0e73bd87940eda6a88f01585c66cfa6') in 0.058569 seconds
  Import took 0.108118 seconds .

========================================================================
Received Import Request.
  Time since last request: 0.000373 seconds.
  path: Assets/Standard Assets/FirstPersonCharacter/Prefabs/FPSController.prefab
  artifactKey: Guid(5e9e851c0e142814dac026a256ba2ac0) Importer(815301076,1909f56bfc062723c751e8b465ee728b)
Start importing Assets/Standard Assets/FirstPersonCharacter/Prefabs/FPSController.prefab using Guid(5e9e851c0e142814dac026a256ba2ac0) Importer(815301076,1909f56bfc062723c751e8b465ee728b)  -> (artifact id: '870b01ec0d6ea3a1263948d7296a81bb') in 0.091073 seconds
  Import took 0.139469 seconds .

========================================================================
Received Import Request.
  Time since last request: 0.000355 seconds.
  path: Assets/Standard Assets/FirstPersonCharacter/Prefabs
  artifactKey: Guid(0bfb2599080d5d24e84362b4ae314ae7) Importer(815301076,1909f56bfc062723c751e8b465ee728b)
Start importing Assets/Standard Assets/FirstPersonCharacter/Prefabs using Guid(0bfb2599080d5d24e84362b4ae314ae7) Importer(815301076,1909f56bfc062723c751e8b465ee728b)  -> (artifact id: '4fd290c4c5141f85689ffa97cc764dfd') in 0.019038 seconds
  Import took 0.040618 seconds .

========================================================================
Received Import Request.
  Time since last request: 0.000291 seconds.
  path: Assets/Standard Assets/FirstPersonCharacter/Scripts
  artifactKey: Guid(314f49b24dc9d5d40956a7b28c67b237) Importer(815301076,1909f56bfc062723c751e8b465ee728b)
Start importing Assets/Standard Assets/FirstPersonCharacter/Scripts using Guid(314f49b24dc9d5d40956a7b28c67b237) Importer(815301076,1909f56bfc062723c751e8b465ee728b)  -> (artifact id: '8ae7be81775d3e72457abbaf5fea62af') in 0.011125 seconds
  Import took 0.023364 seconds .

========================================================================
Received Import Request.
  Time since last request: 0.000330 seconds.
  path: Assets/Standard Assets/FirstPersonCharacter/Prefabs/RigidBodyFPSController.prefab
  artifactKey: Guid(c6453f8e1f814744d8b94e5a6d1f9942) Importer(815301076,1909f56bfc062723c751e8b465ee728b)
Start importing Assets/Standard Assets/FirstPersonCharacter/Prefabs/RigidBodyFPSController.prefab using Guid(c6453f8e1f814744d8b94e5a6d1f9942) Importer(815301076,1909f56bfc062723c751e8b465ee728b)  -> (artifact id: 'f38f53002e80dfd15fcf038a38c73321') in 0.010488 seconds
  Import took 0.035489 seconds .

========================================================================
Received Import Request.
  Time since last request: 0.000375 seconds.
  path: Assets/Standard Assets
  artifactKey: Guid(71ffeccfb5e1a43469ffdc602e8e7fa5) Importer(815301076,1909f56bfc062723c751e8b465ee728b)
Start importing Assets/Standard Assets using Guid(71ffeccfb5e1a43469ffdc602e8e7fa5) Importer(815301076,1909f56bfc062723c751e8b465ee728b)  -> (artifact id: '111e64935b4901a524df6164160365cf') in 0.007441 seconds
  Import took 0.027937 seconds .

========================================================================
Received Import Request.
  Time since last request: 3.310900 seconds.
  path: Assets
  artifactKey: Guid(00000000000000001000000000000000) Importer(815301076,1909f56bfc062723c751e8b465ee728b)
Start importing Assets using Guid(00000000000000001000000000000000) Importer(815301076,1909f56bfc062723c751e8b465ee728b)  -> (artifact id: 'a6374019befeac6ce670f13ba9960efb') in 0.007241 seconds
  Import took 0.012176 seconds .

========================================================================
Received Import Request.
  Time since last request: 164.485851 seconds.
  path: Assets/Images
  artifactKey: Guid(28065e1ac0cc3a3428a0e5dc55a16bd7) Importer(815301076,1909f56bfc062723c751e8b465ee728b)
Start importing Assets/Images using Guid(28065e1ac0cc3a3428a0e5dc55a16bd7) Importer(815301076,1909f56bfc062723c751e8b465ee728b)  -> (artifact id: 'f8d0973319ed47ca534aa73de34760ac') in 0.008510 seconds
  Import took 0.068330 seconds .

========================================================================
Received Import Request.
  Time since last request: 108.685057 seconds.
  path: Assets/Scripts
  artifactKey: Guid(7668b31bd56c9874488b688d44a0161f) Importer(815301076,1909f56bfc062723c751e8b465ee728b)
Start importing Assets/Scripts using Guid(7668b31bd56c9874488b688d44a0161f) Importer(815301076,1909f56bfc062723c751e8b465ee728b)  -> (artifact id: '8c8aa26e785106d22aacf91cf58410ea') in 0.004410 seconds
  Import took 0.044650 seconds .

========================================================================
Received Import Request.
  Time since last request: 19.024617 seconds.
  path: Assets/Scripts/IWeapon.cs
  artifactKey: Guid(6dcfcb095cd72f349b91704d600f397f) Importer(815301076,1909f56bfc062723c751e8b465ee728b)
Start importing Assets/Scripts/IWeapon.cs using Guid(6dcfcb095cd72f349b91704d600f397f) Importer(815301076,1909f56bfc062723c751e8b465ee728b)  -> (artifact id: '28ecb51d7b3761542b5c1421e7e70863') in 0.265773 seconds
  Import took 0.393230 seconds .

========================================================================
Received Prepare
Registering precompiled user dll's ...
Registered in 0.001394 seconds.
Begin MonoManager ReloadAssembly
Native extension for WindowsStandalone target not found
Refreshing native plugins compatible for Editor in 2.96 ms, found 0 plugins.
Preloading 0 native plugins for Editor in 0.00 ms.
Invoked RoslynAnalysisRunner static constructor.
RoslynAnalysisRunner will not be running.
RoslynAnalysisRunner has terminated.
Mono: successfully reloaded assembly
- Completed reload, in  1.532 seconds
Platform modules already initialized, skipping
Shader 'Universal Render Pipeline/Particles/Lit': fallback shader 'Universal Render Pipeline/Particles/SimpleLit' not found
Refreshing native plugins compatible for Editor in 0.97 ms, found 0 plugins.
Preloading 0 native plugins for Editor in 0.00 ms.
Unloading 2382 Unused Serialized files (Serialized files now loaded: 0)
System memory in use before: 129.2 MB.
System memory in use after: 129.4 MB.

Unloading 5 unused Assets to reduce memory usage. Loaded Objects now: 2972.
Total: 2.914300 ms (FindLiveObjects: 0.446100 ms CreateObjectMapping: 0.217900 ms MarkObjects: 2.209500 ms  DeleteObjects: 0.039000 ms)

========================================================================
Received Prepare
Registering precompiled user dll's ...
Registered in 0.001861 seconds.
Begin MonoManager ReloadAssembly
Native extension for WindowsStandalone target not found
Refreshing native plugins compatible for Editor in 0.47 ms, found 0 plugins.
Preloading 0 native plugins for Editor in 0.00 ms.
Invoked RoslynAnalysisRunner static constructor.
RoslynAnalysisRunner will not be running.
RoslynAnalysisRunner has terminated.
Mono: successfully reloaded assembly
- Completed reload, in  0.972 seconds
Platform modules already initialized, skipping
Shader 'Universal Render Pipeline/Particles/Lit': fallback shader 'Universal Render Pipeline/Particles/SimpleLit' not found
Refreshing native plugins compatible for Editor in 0.47 ms, found 0 plugins.
Preloading 0 native plugins for Editor in 0.00 ms.
Unloading 2382 Unused Serialized files (Serialized files now loaded: 0)
System memory in use before: 129.3 MB.
System memory in use after: 129.5 MB.

Unloading 5 unused Assets to reduce memory usage. Loaded Objects now: 2975.
Total: 2.699900 ms (FindLiveObjects: 0.386400 ms CreateObjectMapping: 0.140400 ms MarkObjects: 2.104100 ms  DeleteObjects: 0.044900 ms)

========================================================================
Received Import Request.
  Time since last request: 51.744511 seconds.
  path: Assets/Scripts/Interfaces
  artifactKey: Guid(a784e894772fa104ea469cbb9cb65de4) Importer(815301076,1909f56bfc062723c751e8b465ee728b)
Start importing Assets/Scripts/Interfaces using Guid(a784e894772fa104ea469cbb9cb65de4) Importer(815301076,1909f56bfc062723c751e8b465ee728b)  -> (artifact id: '8c575f40f992ae6fd4240f22226fa431') in 0.009882 seconds
  Import took 0.014352 seconds .

========================================================================
Received Prepare
Registering precompiled user dll's ...
Registered in 0.001532 seconds.
Begin MonoManager ReloadAssembly
Native extension for WindowsStandalone target not found
Refreshing native plugins compatible for Editor in 0.51 ms, found 0 plugins.
Preloading 0 native plugins for Editor in 0.00 ms.
Invoked RoslynAnalysisRunner static constructor.
RoslynAnalysisRunner will not be running.
RoslynAnalysisRunner has terminated.
Mono: successfully reloaded assembly
- Completed reload, in  1.009 seconds
Platform modules already initialized, skipping
Shader 'Universal Render Pipeline/Particles/Lit': fallback shader 'Universal Render Pipeline/Particles/SimpleLit' not found
Refreshing native plugins compatible for Editor in 1.17 ms, found 0 plugins.
Preloading 0 native plugins for Editor in 0.00 ms.
Unloading 2382 Unused Serialized files (Serialized files now loaded: 0)
System memory in use before: 129.3 MB.
System memory in use after: 129.5 MB.

Unloading 5 unused Assets to reduce memory usage. Loaded Objects now: 2978.
Total: 2.498300 ms (FindLiveObjects: 0.268500 ms CreateObjectMapping: 0.131500 ms MarkObjects: 2.075400 ms  DeleteObjects: 0.021000 ms)

========================================================================
Received Import Request.
  Time since last request: 453.149313 seconds.
  path: Assets/Scripts/Interfaces/IWeapon.cs
  artifactKey: Guid(6dcfcb095cd72f349b91704d600f397f) Importer(815301076,1909f56bfc062723c751e8b465ee728b)
Start importing Assets/Scripts/Interfaces/IWeapon.cs using Guid(6dcfcb095cd72f349b91704d600f397f) Importer(815301076,1909f56bfc062723c751e8b465ee728b)  -> (artifact id: 'd80a0d59d33719d73ab783fcf7e97b82') in 0.004861 seconds
  Import took 0.031907 seconds .

========================================================================
Received Prepare
Registering precompiled user dll's ...
Registered in 0.001599 seconds.
Begin MonoManager ReloadAssembly
Native extension for WindowsStandalone target not found
Refreshing native plugins compatible for Editor in 0.63 ms, found 0 plugins.
Preloading 0 native plugins for Editor in 0.00 ms.
Invoked RoslynAnalysisRunner static constructor.
RoslynAnalysisRunner will not be running.
RoslynAnalysisRunner has terminated.
Mono: successfully reloaded assembly
- Completed reload, in  1.026 seconds
Platform modules already initialized, skipping
Shader 'Universal Render Pipeline/Particles/Lit': fallback shader 'Universal Render Pipeline/Particles/SimpleLit' not found
Refreshing native plugins compatible for Editor in 0.52 ms, found 0 plugins.
Preloading 0 native plugins for Editor in 0.00 ms.
Unloading 2382 Unused Serialized files (Serialized files now loaded: 0)
System memory in use before: 129.3 MB.
System memory in use after: 129.5 MB.

Unloading 5 unused Assets to reduce memory usage. Loaded Objects now: 2981.
Total: 3.039400 ms (FindLiveObjects: 0.354300 ms CreateObjectMapping: 0.156500 ms MarkObjects: 2.507100 ms  DeleteObjects: 0.019900 ms)

========================================================================
Received Prepare
Registering precompiled user dll's ...
Registered in 0.001402 seconds.
Begin MonoManager ReloadAssembly
Native extension for WindowsStandalone target not found
Refreshing native plugins compatible for Editor in 0.63 ms, found 0 plugins.
Preloading 0 native plugins for Editor in 0.00 ms.
Invoked RoslynAnalysisRunner static constructor.
RoslynAnalysisRunner will not be running.
RoslynAnalysisRunner has terminated.
Mono: successfully reloaded assembly
- Completed reload, in  0.986 seconds
Platform modules already initialized, skipping
Shader 'Universal Render Pipeline/Particles/Lit': fallback shader 'Universal Render Pipeline/Particles/SimpleLit' not found
Refreshing native plugins compatible for Editor in 0.49 ms, found 0 plugins.
Preloading 0 native plugins for Editor in 0.00 ms.
Unloading 2382 Unused Serialized files (Serialized files now loaded: 0)
System memory in use before: 129.2 MB.
System memory in use after: 129.4 MB.

Unloading 5 unused Assets to reduce memory usage. Loaded Objects now: 2984.
Total: 2.777800 ms (FindLiveObjects: 0.305600 ms CreateObjectMapping: 0.169900 ms MarkObjects: 2.278300 ms  DeleteObjects: 0.022300 ms)

========================================================================
Received Import Request.
  Time since last request: 435.227885 seconds.
  path: Assets/Scripts/Player
  artifactKey: Guid(532fc578bd8985348b4bd83bf435e039) Importer(815301076,1909f56bfc062723c751e8b465ee728b)
Start importing Assets/Scripts/Player using Guid(532fc578bd8985348b4bd83bf435e039) Importer(815301076,1909f56bfc062723c751e8b465ee728b)  -> (artifact id: '41132420340ce323c1e963a2be088907') in 0.012904 seconds
  Import took 0.087220 seconds .

========================================================================
Received Import Request.
  Time since last request: 16.481953 seconds.
  path: Assets/Scripts/GrenadeLauncher.cs
  artifactKey: Guid(49979e0ea59df7542b1eddc05742ed89) Importer(815301076,1909f56bfc062723c751e8b465ee728b)
Start importing Assets/Scripts/GrenadeLauncher.cs using Guid(49979e0ea59df7542b1eddc05742ed89) Importer(815301076,1909f56bfc062723c751e8b465ee728b)  -> (artifact id: '0079020c7551f0deec55f17207e5ee30') in 0.025876 seconds
  Import took 0.055898 seconds .

========================================================================
Received Prepare
Registering precompiled user dll's ...
Registered in 0.001362 seconds.
Begin MonoManager ReloadAssembly
Native extension for WindowsStandalone target not found
Refreshing native plugins compatible for Editor in 0.60 ms, found 0 plugins.
Preloading 0 native plugins for Editor in 0.00 ms.
Invoked RoslynAnalysisRunner static constructor.
RoslynAnalysisRunner will not be running.
RoslynAnalysisRunner has terminated.
Mono: successfully reloaded assembly
- Completed reload, in  0.966 seconds
Platform modules already initialized, skipping
Shader 'Universal Render Pipeline/Particles/Lit': fallback shader 'Universal Render Pipeline/Particles/SimpleLit' not found
Refreshing native plugins compatible for Editor in 0.48 ms, found 0 plugins.
Preloading 0 native plugins for Editor in 0.00 ms.
Unloading 2383 Unused Serialized files (Serialized files now loaded: 0)
System memory in use before: 129.3 MB.
System memory in use after: 129.6 MB.

Unloading 5 unused Assets to reduce memory usage. Loaded Objects now: 2988.
Total: 8.209900 ms (FindLiveObjects: 0.778300 ms CreateObjectMapping: 0.447700 ms MarkObjects: 6.958300 ms  DeleteObjects: 0.023500 ms)

========================================================================
Received Import Request.
  Time since last request: 19.003489 seconds.
  path: Assets/Scripts/Weapons
  artifactKey: Guid(0de3cea40e2d0294e8c18560c45293de) Importer(815301076,1909f56bfc062723c751e8b465ee728b)
Start importing Assets/Scripts/Weapons using Guid(0de3cea40e2d0294e8c18560c45293de) Importer(815301076,1909f56bfc062723c751e8b465ee728b)  -> (artifact id: 'c533323a170fd1ddc2cbaf3949672099') in 0.040402 seconds
  Import took 0.061484 seconds .

========================================================================
Received Prepare
Registering precompiled user dll's ...
Registered in 0.001688 seconds.
Begin MonoManager ReloadAssembly
Native extension for WindowsStandalone target not found
Refreshing native plugins compatible for Editor in 0.51 ms, found 0 plugins.
Preloading 0 native plugins for Editor in 0.00 ms.
Invoked RoslynAnalysisRunner static constructor.
RoslynAnalysisRunner will not be running.
RoslynAnalysisRunner has terminated.
Mono: successfully reloaded assembly
- Completed reload, in  1.038 seconds
Platform modules already initialized, skipping
Shader 'Universal Render Pipeline/Particles/Lit': fallback shader 'Universal Render Pipeline/Particles/SimpleLit' not found
Refreshing native plugins compatible for Editor in 0.51 ms, found 0 plugins.
Preloading 0 native plugins for Editor in 0.00 ms.
Unloading 2383 Unused Serialized files (Serialized files now loaded: 0)
System memory in use before: 129.4 MB.
System memory in use after: 129.6 MB.

Unloading 5 unused Assets to reduce memory usage. Loaded Objects now: 2991.
Total: 3.634800 ms (FindLiveObjects: 0.808400 ms CreateObjectMapping: 0.244000 ms MarkObjects: 2.515400 ms  DeleteObjects: 0.033600 ms)

========================================================================
Received Prepare
Registering precompiled user dll's ...
Registered in 0.001571 seconds.
Begin MonoManager ReloadAssembly
Native extension for WindowsStandalone target not found
Refreshing native plugins compatible for Editor in 0.46 ms, found 0 plugins.
Preloading 0 native plugins for Editor in 0.00 ms.
Invoked RoslynAnalysisRunner static constructor.
RoslynAnalysisRunner will not be running.
RoslynAnalysisRunner has terminated.
Mono: successfully reloaded assembly
- Completed reload, in  0.973 seconds
Platform modules already initialized, skipping
Shader 'Universal Render Pipeline/Particles/Lit': fallback shader 'Universal Render Pipeline/Particles/SimpleLit' not found
Refreshing native plugins compatible for Editor in 0.51 ms, found 0 plugins.
Preloading 0 native plugins for Editor in 0.00 ms.
Unloading 2383 Unused Serialized files (Serialized files now loaded: 0)
System memory in use before: 129.4 MB.
System memory in use after: 129.6 MB.

Unloading 5 unused Assets to reduce memory usage. Loaded Objects now: 2994.
Total: 2.183100 ms (FindLiveObjects: 0.255200 ms CreateObjectMapping: 0.139800 ms MarkObjects: 1.770900 ms  DeleteObjects: 0.016000 ms)

========================================================================
Received Import Request.
  Time since last request: 102.304790 seconds.
  path: Assets/Scripts/Weapons/GrenadeLauncher.cs
  artifactKey: Guid(49979e0ea59df7542b1eddc05742ed89) Importer(815301076,1909f56bfc062723c751e8b465ee728b)
Start importing Assets/Scripts/Weapons/GrenadeLauncher.cs using Guid(49979e0ea59df7542b1eddc05742ed89) Importer(815301076,1909f56bfc062723c751e8b465ee728b)  -> (artifact id: '1517dea58b6d5b580e8216d1c5f13b4c') in 0.013149 seconds
  Import took 0.071726 seconds .

========================================================================
Received Import Request.
  Time since last request: 5.438937 seconds.
  path: Assets/Scripts/Weapons/Blaster.cs
  artifactKey: Guid(42beaf474f9b8da419278b3590098293) Importer(815301076,1909f56bfc062723c751e8b465ee728b)
Start importing Assets/Scripts/Weapons/Blaster.cs using Guid(42beaf474f9b8da419278b3590098293) Importer(815301076,1909f56bfc062723c751e8b465ee728b)  -> (artifact id: '6c4e7e64a06c0b58e6d4cc6d5fa96d7f') in 0.029141 seconds
  Import took 0.058204 seconds .

========================================================================
Received Prepare
Registering precompiled user dll's ...
Registered in 0.001256 seconds.
Begin MonoManager ReloadAssembly
Native extension for WindowsStandalone target not found
Refreshing native plugins compatible for Editor in 0.47 ms, found 0 plugins.
Preloading 0 native plugins for Editor in 0.00 ms.
Invoked RoslynAnalysisRunner static constructor.
RoslynAnalysisRunner will not be running.
RoslynAnalysisRunner has terminated.
Mono: successfully reloaded assembly
- Completed reload, in  1.029 seconds
Platform modules already initialized, skipping
Shader 'Universal Render Pipeline/Particles/Lit': fallback shader 'Universal Render Pipeline/Particles/SimpleLit' not found
Refreshing native plugins compatible for Editor in 0.54 ms, found 0 plugins.
Preloading 0 native plugins for Editor in 0.00 ms.
Unloading 2384 Unused Serialized files (Serialized files now loaded: 0)
System memory in use before: 129.4 MB.
System memory in use after: 129.6 MB.

Unloading 5 unused Assets to reduce memory usage. Loaded Objects now: 2998.
Total: 4.027600 ms (FindLiveObjects: 0.639400 ms CreateObjectMapping: 0.270600 ms MarkObjects: 3.094400 ms  DeleteObjects: 0.020600 ms)

========================================================================
Received Import Request.
  Time since last request: 716.782624 seconds.
  path: Assets/Scripts/Weapons/Blaster.cs
  artifactKey: Guid(42beaf474f9b8da419278b3590098293) Importer(815301076,1909f56bfc062723c751e8b465ee728b)
Start importing Assets/Scripts/Weapons/Blaster.cs using Guid(42beaf474f9b8da419278b3590098293) Importer(815301076,1909f56bfc062723c751e8b465ee728b)  -> (artifact id: '939ca7a4e5ca32262a3eebc268a14818') in 0.012437 seconds
  Import took 0.046994 seconds .

========================================================================
Received Import Request.
  Time since last request: 0.037852 seconds.
  path: Assets/Scripts/Weapons/Blaster.cs
  artifactKey: Guid(42beaf474f9b8da419278b3590098293) Importer(815301076,1909f56bfc062723c751e8b465ee728b)
Start importing Assets/Scripts/Weapons/Blaster.cs using Guid(42beaf474f9b8da419278b3590098293) Importer(815301076,1909f56bfc062723c751e8b465ee728b)  -> (artifact id: '939ca7a4e5ca32262a3eebc268a14818') in 0.005426 seconds
  Import took 0.023156 seconds .

========================================================================
Received Import Request.
  Time since last request: 4.147078 seconds.
  path: Assets/Scripts/UI/CanvasManager.cs
  artifactKey: Guid(649a78ef83962fd4ba6ed44119ba268b) Importer(815301076,1909f56bfc062723c751e8b465ee728b)
Start importing Assets/Scripts/UI/CanvasManager.cs using Guid(649a78ef83962fd4ba6ed44119ba268b) Importer(815301076,1909f56bfc062723c751e8b465ee728b)  -> (artifact id: '9b94becfb72b6a6c8a48ca07d4e386e1') in 0.032564 seconds
  Import took 0.079090 seconds .

========================================================================
Received Import Request.
  Time since last request: 515.939016 seconds.
  path: Assets/Scripts/UI/CanvasManager.cs
  artifactKey: Guid(649a78ef83962fd4ba6ed44119ba268b) Importer(815301076,1909f56bfc062723c751e8b465ee728b)
Start importing Assets/Scripts/UI/CanvasManager.cs using Guid(649a78ef83962fd4ba6ed44119ba268b) Importer(815301076,1909f56bfc062723c751e8b465ee728b)  -> (artifact id: '6eaee18efc6e2dbd1b369f1673d92a93') in 0.011528 seconds
  Import took 0.042519 seconds .

========================================================================
Received Import Request.
  Time since last request: 1345.332439 seconds.
  path: Assets/Prefabs/ParticleSystems/ExplosionCore.prefab
  artifactKey: Guid(bc51b2b09b2e84b43b1855119dc949b0) Importer(815301076,1909f56bfc062723c751e8b465ee728b)
Start importing Assets/Prefabs/ParticleSystems/ExplosionCore.prefab using Guid(bc51b2b09b2e84b43b1855119dc949b0) Importer(815301076,1909f56bfc062723c751e8b465ee728b)  -> (artifact id: '6ab49798a0484d48cb8ccad300512507') in 0.189677 seconds
  Import took 0.239244 seconds .

========================================================================
Received Import Request.
  Time since last request: 53.693219 seconds.
  path: Assets/Prefabs/Weapons
  artifactKey: Guid(db2e8e644d9837b4dbcab19d2edc24dd) Importer(815301076,1909f56bfc062723c751e8b465ee728b)
Start importing Assets/Prefabs/Weapons using Guid(db2e8e644d9837b4dbcab19d2edc24dd) Importer(815301076,1909f56bfc062723c751e8b465ee728b)  -> (artifact id: '4f259b1c50a3cbeb4624a2a76761d2d1') in 0.004721 seconds
  Import took 0.038795 seconds .

========================================================================
Received Import Request.
  Time since last request: 4.426210 seconds.
  path: Assets/Prefabs/Weapons/Blaster.prefab
  artifactKey: Guid(caeabd2a15c25a0459e627e35ce84e74) Importer(815301076,1909f56bfc062723c751e8b465ee728b)
Start importing Assets/Prefabs/Weapons/Blaster.prefab using Guid(caeabd2a15c25a0459e627e35ce84e74) Importer(815301076,1909f56bfc062723c751e8b465ee728b)  -> (artifact id: '4772444c92c61bc39413bf6988c2be60') in 0.733125 seconds
  Import took 0.757983 seconds .

========================================================================
Received Import Request.
  Time since last request: 38.926494 seconds.
  path: Assets/Prefabs/Weapons/Blaster.prefab
  artifactKey: Guid(caeabd2a15c25a0459e627e35ce84e74) Importer(815301076,1909f56bfc062723c751e8b465ee728b)
Start importing Assets/Prefabs/Weapons/Blaster.prefab using Guid(caeabd2a15c25a0459e627e35ce84e74) Importer(815301076,1909f56bfc062723c751e8b465ee728b)  -> (artifact id: '9796dfba3ce926f5056f375a711731a0') in 0.044519 seconds
  Import took 0.078119 seconds .

========================================================================
Received Prepare
Registering precompiled user dll's ...
Registered in 0.001685 seconds.
Begin MonoManager ReloadAssembly
Native extension for WindowsStandalone target not found
Refreshing native plugins compatible for Editor in 0.56 ms, found 0 plugins.
Preloading 0 native plugins for Editor in 0.00 ms.
Invoked RoslynAnalysisRunner static constructor.
RoslynAnalysisRunner will not be running.
RoslynAnalysisRunner has terminated.
Mono: successfully reloaded assembly
- Completed reload, in  1.173 seconds
Platform modules already initialized, skipping
Shader 'Universal Render Pipeline/Particles/Lit': fallback shader 'Universal Render Pipeline/Particles/SimpleLit' not found
Refreshing native plugins compatible for Editor in 0.47 ms, found 0 plugins.
Preloading 0 native plugins for Editor in 0.00 ms.
Unloading 2384 Unused Serialized files (Serialized files now loaded: 0)
System memory in use before: 134.6 MB.
System memory in use after: 134.8 MB.

Unloading 5 unused Assets to reduce memory usage. Loaded Objects now: 3047.
Total: 2.846800 ms (FindLiveObjects: 0.376100 ms CreateObjectMapping: 0.198200 ms MarkObjects: 2.220500 ms  DeleteObjects: 0.050400 ms)

========================================================================
Received Import Request.
  Time since last request: 104.092192 seconds.
  path: Assets/Prefabs/Weapons/Blaster.prefab
  artifactKey: Guid(caeabd2a15c25a0459e627e35ce84e74) Importer(815301076,1909f56bfc062723c751e8b465ee728b)
Start importing Assets/Prefabs/Weapons/Blaster.prefab using Guid(caeabd2a15c25a0459e627e35ce84e74) Importer(815301076,1909f56bfc062723c751e8b465ee728b)  -> (artifact id: '05c32b7d92e457bf2062a50ce1581de1') in 0.214459 seconds
  Import took 0.231062 seconds .

========================================================================
Received Prepare
Registering precompiled user dll's ...
Registered in 0.001190 seconds.
Begin MonoManager ReloadAssembly
Native extension for WindowsStandalone target not found
Refreshing native plugins compatible for Editor in 0.51 ms, found 0 plugins.
Preloading 0 native plugins for Editor in 0.00 ms.
Invoked RoslynAnalysisRunner static constructor.
RoslynAnalysisRunner will not be running.
RoslynAnalysisRunner has terminated.
Mono: successfully reloaded assembly
- Completed reload, in  1.032 seconds
Platform modules already initialized, skipping
Shader 'Universal Render Pipeline/Particles/Lit': fallback shader 'Universal Render Pipeline/Particles/SimpleLit' not found
Refreshing native plugins compatible for Editor in 0.46 ms, found 0 plugins.
Preloading 0 native plugins for Editor in 0.00 ms.
Unloading 2384 Unused Serialized files (Serialized files now loaded: 0)
System memory in use before: 134.8 MB.
System memory in use after: 135.0 MB.

Unloading 5 unused Assets to reduce memory usage. Loaded Objects now: 3086.
Total: 2.955900 ms (FindLiveObjects: 0.401000 ms CreateObjectMapping: 0.183200 ms MarkObjects: 2.335700 ms  DeleteObjects: 0.034100 ms)

========================================================================
Received Import Request.
  Time since last request: 180.441319 seconds.
  path: Assets/Animations
  artifactKey: Guid(1a1540918363a3c48b6afe80d1e2840c) Importer(815301076,1909f56bfc062723c751e8b465ee728b)
Start importing Assets/Animations using Guid(1a1540918363a3c48b6afe80d1e2840c) Importer(815301076,1909f56bfc062723c751e8b465ee728b)  -> (artifact id: '9bdc20df4294eca49553a1de7cbd15f0') in 0.023412 seconds
  Import took 0.028528 seconds .

========================================================================
Received Import Request.
  Time since last request: 1.372570 seconds.
  path: Assets/Animations/PlayerShoot.anim
  artifactKey: Guid(44dbc71dad686464c88a8b20cc19bfcd) Importer(815301076,1909f56bfc062723c751e8b465ee728b)
Start importing Assets/Animations/PlayerShoot.anim using Guid(44dbc71dad686464c88a8b20cc19bfcd) Importer(815301076,1909f56bfc062723c751e8b465ee728b)  -> (artifact id: '7d59116d39686ecfa2d4b8d956fd0aa2') in 0.088910 seconds
  Import took 0.136433 seconds .

========================================================================
Received Import Request.
  Time since last request: 0.009872 seconds.
  path: Assets/Animations/PlayerShoot.anim
  artifactKey: Guid(44dbc71dad686464c88a8b20cc19bfcd) Importer(815301076,1909f56bfc062723c751e8b465ee728b)
Start importing Assets/Animations/PlayerShoot.anim using Guid(44dbc71dad686464c88a8b20cc19bfcd) Importer(815301076,1909f56bfc062723c751e8b465ee728b)  -> (artifact id: '7d59116d39686ecfa2d4b8d956fd0aa2') in 0.009688 seconds
  Import took 0.018748 seconds .

========================================================================
Received Import Request.
  Time since last request: 1.374757 seconds.
  path: Assets/Animations/AC's
  artifactKey: Guid(f2283865f89ad3443ae91f0eda42cc59) Importer(815301076,1909f56bfc062723c751e8b465ee728b)
Start importing Assets/Animations/AC's using Guid(f2283865f89ad3443ae91f0eda42cc59) Importer(815301076,1909f56bfc062723c751e8b465ee728b)  -> (artifact id: '8dfdbda15e7b557addc5ef5789fdbe29') in 0.008651 seconds
  Import took 0.077347 seconds .

========================================================================
Received Import Request.
  Time since last request: 0.985399 seconds.
  path: Assets/Animations/AC's/CanvasAC.controller
  artifactKey: Guid(b470cad05725f21499554dbbe0cc0658) Importer(815301076,1909f56bfc062723c751e8b465ee728b)
Start importing Assets/Animations/AC's/CanvasAC.controller using Guid(b470cad05725f21499554dbbe0cc0658) Importer(815301076,1909f56bfc062723c751e8b465ee728b)  -> (artifact id: 'e7e967d8e964c3a22a833f49c12f378f') in 0.032551 seconds
  Import took 0.047124 seconds .

========================================================================
Received Import Request.
  Time since last request: 0.460721 seconds.
  path: Assets/Animations/AC's/PlayerAC.controller
  artifactKey: Guid(4516049ab2840a24ebfeb5d33f4514ae) Importer(815301076,1909f56bfc062723c751e8b465ee728b)
Start importing Assets/Animations/AC's/PlayerAC.controller using Guid(4516049ab2840a24ebfeb5d33f4514ae) Importer(815301076,1909f56bfc062723c751e8b465ee728b)  -> (artifact id: 'f3cfcb2c8111d060f74069908ac9a8bb') in 0.044109 seconds
  Import took 0.074899 seconds .

========================================================================
Received Prepare
Registering precompiled user dll's ...
Registered in 0.001437 seconds.
Begin MonoManager ReloadAssembly
Native extension for WindowsStandalone target not found
Refreshing native plugins compatible for Editor in 0.45 ms, found 0 plugins.
Preloading 0 native plugins for Editor in 0.00 ms.
Invoked RoslynAnalysisRunner static constructor.
RoslynAnalysisRunner will not be running.
RoslynAnalysisRunner has terminated.
Mono: successfully reloaded assembly
- Completed reload, in  1.097 seconds
Platform modules already initialized, skipping
Shader 'Universal Render Pipeline/Particles/Lit': fallback shader 'Universal Render Pipeline/Particles/SimpleLit' not found
Refreshing native plugins compatible for Editor in 0.48 ms, found 0 plugins.
Preloading 0 native plugins for Editor in 0.00 ms.
Unloading 2384 Unused Serialized files (Serialized files now loaded: 0)
System memory in use before: 134.8 MB.
System memory in use after: 135.0 MB.

Unloading 5 unused Assets to reduce memory usage. Loaded Objects now: 3089.
Total: 5.166000 ms (FindLiveObjects: 0.561200 ms CreateObjectMapping: 0.320000 ms MarkObjects: 4.256000 ms  DeleteObjects: 0.025900 ms)

========================================================================
Received Import Request.
  Time since last request: 46.708527 seconds.
  path: Assets/Animations/AC's/BlasterAC.controller
  artifactKey: Guid(f7f0a81bc670d4a4bb644f538b115144) Importer(815301076,1909f56bfc062723c751e8b465ee728b)
Start importing Assets/Animations/AC's/BlasterAC.controller using Guid(f7f0a81bc670d4a4bb644f538b115144) Importer(815301076,1909f56bfc062723c751e8b465ee728b)  -> (artifact id: 'f629ee3253a993d349a711b6e77e4cef') in 0.020473 seconds
  Import took 0.025649 seconds .

========================================================================
Received Import Request.
  Time since last request: 112.778187 seconds.
  path: Assets/Animations/BlasterShoot.anim
  artifactKey: Guid(44dbc71dad686464c88a8b20cc19bfcd) Importer(815301076,1909f56bfc062723c751e8b465ee728b)
Start importing Assets/Animations/BlasterShoot.anim using Guid(44dbc71dad686464c88a8b20cc19bfcd) Importer(815301076,1909f56bfc062723c751e8b465ee728b)  -> (artifact id: 'f4cb3e48611ec523e62272846d3de3f8') in 0.011930 seconds
  Import took 0.025034 seconds .

========================================================================
Received Import Request.
  Time since last request: 4.286833 seconds.
  path: Assets/Animations/TimerAnim.anim
  artifactKey: Guid(d349336d4a54b0e4196c0ec56f3ac0ed) Importer(815301076,1909f56bfc062723c751e8b465ee728b)
Start importing Assets/Animations/TimerAnim.anim using Guid(d349336d4a54b0e4196c0ec56f3ac0ed) Importer(815301076,1909f56bfc062723c751e8b465ee728b)  -> (artifact id: '45e07698fdc07a195aeaf13a3bb9b741') in 0.010855 seconds
  Import took 0.016836 seconds .

========================================================================
Received Import Request.
  Time since last request: 200.364940 seconds.
  path: Assets/Materials/EnemyProjectile 1/EnemyProjMaterial.mat
  artifactKey: Guid(9366f82c7b8bba7409ebb5f85f09bc89) Importer(815301076,1909f56bfc062723c751e8b465ee728b)
Start importing Assets/Materials/EnemyProjectile 1/EnemyProjMaterial.mat using Guid(9366f82c7b8bba7409ebb5f85f09bc89) Importer(815301076,1909f56bfc062723c751e8b465ee728b)  -> (artifact id: 'f1e7772a1bdb260dd7fe98d49bbe2d26') in 0.506902 seconds
  Import took 0.524542 seconds .

========================================================================
Received Prepare
Registering precompiled user dll's ...
Registered in 0.001622 seconds.
Begin MonoManager ReloadAssembly
Native extension for WindowsStandalone target not found
Refreshing native plugins compatible for Editor in 0.69 ms, found 0 plugins.
Preloading 0 native plugins for Editor in 0.00 ms.
Invoked RoslynAnalysisRunner static constructor.
RoslynAnalysisRunner will not be running.
RoslynAnalysisRunner has terminated.
Mono: successfully reloaded assembly
- Completed reload, in  1.042 seconds
Platform modules already initialized, skipping
Shader 'Universal Render Pipeline/Particles/Lit': fallback shader 'Universal Render Pipeline/Particles/SimpleLit' not found
Refreshing native plugins compatible for Editor in 0.46 ms, found 0 plugins.
Preloading 0 native plugins for Editor in 0.00 ms.
Unloading 2384 Unused Serialized files (Serialized files now loaded: 0)
System memory in use before: 135.1 MB.
System memory in use after: 135.4 MB.

Unloading 5 unused Assets to reduce memory usage. Loaded Objects now: 3161.
Total: 7.179200 ms (FindLiveObjects: 0.694600 ms CreateObjectMapping: 0.361700 ms MarkObjects: 6.065900 ms  DeleteObjects: 0.052300 ms)

========================================================================
Received Import Request.
  Time since last request: 37.565016 seconds.
  path: Assets/Prefabs/ParticleSystems/Older/PlayerProjectile.prefab
  artifactKey: Guid(efb63c84205e99c438f9525018faafbe) Importer(815301076,1909f56bfc062723c751e8b465ee728b)
Start importing Assets/Prefabs/ParticleSystems/Older/PlayerProjectile.prefab using Guid(efb63c84205e99c438f9525018faafbe) Importer(815301076,1909f56bfc062723c751e8b465ee728b)  -> (artifact id: 'd02c79958e678f7ed93febf3a9e718f1') in 0.087007 seconds
  Import took 0.095894 seconds .

========================================================================
Received Prepare
Registering precompiled user dll's ...
Registered in 0.001259 seconds.
Begin MonoManager ReloadAssembly
Native extension for WindowsStandalone target not found
Refreshing native plugins compatible for Editor in 0.49 ms, found 0 plugins.
Preloading 0 native plugins for Editor in 0.00 ms.
Invoked RoslynAnalysisRunner static constructor.
RoslynAnalysisRunner will not be running.
RoslynAnalysisRunner has terminated.
Mono: successfully reloaded assembly
- Completed reload, in  1.054 seconds
Platform modules already initialized, skipping
Shader 'Universal Render Pipeline/Particles/Lit': fallback shader 'Universal Render Pipeline/Particles/SimpleLit' not found
Refreshing native plugins compatible for Editor in 0.47 ms, found 0 plugins.
Preloading 0 native plugins for Editor in 0.00 ms.
Unloading 2384 Unused Serialized files (Serialized files now loaded: 0)
System memory in use before: 135.2 MB.
System memory in use after: 135.4 MB.

Unloading 5 unused Assets to reduce memory usage. Loaded Objects now: 3164.
Total: 3.215700 ms (FindLiveObjects: 0.291900 ms CreateObjectMapping: 0.233800 ms MarkObjects: 2.642800 ms  DeleteObjects: 0.045600 ms)

AssetImportWorkerClient::OnTransportError - code=2 error=End of file
